Name:         percona-network-chaos-pod-network-loss
Namespace:    litmus
Labels:       chaosUID=a8bd6477-da3c-4089-98c9-ce277ebd66c7
              controller-uid=5a99613d-9f14-4755-80bb-62707ba8a7e9
              job-name=pod-network-loss-a5lwa3
              name=percona-network-chaos-pod-network-loss
Annotations:  <none>
API Version:  litmuschaos.io/v1alpha1
Kind:         ChaosResult
Metadata:
  Creation Timestamp:  2021-02-08T20:33:03Z
  Generation:          24
  Managed Fields:
    API Version:  litmuschaos.io/v1alpha1
    Fields Type:  FieldsV1
    fieldsV1:
      f:metadata:
        f:labels:
          .:
          f:chaosUID:
          f:controller-uid:
          f:job-name:
          f:name:
      f:spec:
        .:
        f:engine:
        f:experiment:
      f:status:
        .:
        f:experimentstatus:
          .:
          f:failStep:
          f:phase:
          f:probeSuccessPercentage:
          f:verdict:
        f:history:
          .:
          f:failedRuns:
          f:passedRuns:
          f:stoppedRuns:
        f:probeStatus:
    Manager:         experiments
    Operation:       Update
    Time:            2021-02-08T20:33:25Z
  Resource Version:  944037
  Self Link:         /apis/litmuschaos.io/v1alpha1/namespaces/litmus/chaosresults/percona-network-chaos-pod-network-loss
  UID:               0533759b-fd75-41f3-8723-d068da0f557e
Spec:
  Engine:      percona-network-chaos
  Experiment:  pod-network-loss
Status:
  Experimentstatus:
    Fail Step:                 N/A
    Phase:                     Completed
    Probe Success Percentage:  100
    Verdict:                   Pass
  History:
    Failed Runs:   4
    Passed Runs:   8
    Stopped Runs:  0
  Probe Status:
    Name:  check-client-load
    Status:
      Continuous:  Passed 👍 
    Type:          k8sProbe
Events:
  Type    Reason   Age   From                           Message
  ----    ------   ----  ----                           -------
  Normal  Awaited  40s   pod-network-loss-a5lwa3-gmjlm  experiment: pod-network-loss, Result: Awaited
  Normal  Pass     22s   pod-network-loss-a5lwa3-gmjlm  experiment: pod-network-loss, Result: Pass


