W0103 06:09:48.147471       1 client_config.go:541] Neither --kubeconfig nor --master was specified.  Using the inClusterConfig.  This might not work.
time='2022-01-03T06:09:48Z' level=info msg='Experiment Name: pod-network-latency'
time='2022-01-03T06:09:48Z' level=info msg='[PreReq]: Getting the ENV for the pod-network-latency experiment'
time='2022-01-03T06:09:50Z' level=info msg='[PreReq]: Updating the chaos result of pod-network-latency experiment (SOT)'
time='2022-01-03T06:09:52Z' level=info msg='The application information is as follows\n' Latency=4000 Chaos Duration=60 Container Runtime=docker Namespace=redis Label='app=redis'
time='2022-01-03T06:09:52Z' level=info msg='[Status]: Verify that the AUT (Application Under Test) is running (pre-chaos)'
time='2022-01-03T06:09:52Z' level=info msg='[Status]: Checking whether application containers are in ready state'
time='2022-01-03T06:09:52Z' level=info msg='[Status]: The Container status are as follows' container=redis Pod=redis-8647b8f5cc-f8bmm Readiness=true
time='2022-01-03T06:09:52Z' level=info msg='[Status]: The Container status are as follows' container=redis-exporter Pod=redis-8647b8f5cc-f8bmm Readiness=true
time='2022-01-03T06:09:54Z' level=info msg='[Status]: Checking whether application pods are in running state'
time='2022-01-03T06:09:54Z' level=info msg='[Status]: The status of Pods are as follows' Pod=redis-8647b8f5cc-f8bmm Status=Running
time='2022-01-03T06:09:58Z' level=info msg='[Probe]: The k8s probe information is as follows' Mode=Continuous Phase=PreChaos Name=check-redis-db-cr-status Inputs='{ v1 pods redis status.phase=Running app=redis present}' Run Properties='{1 1 1 1 0 false}'
time='2022-01-03T06:09:58Z' level=info msg='[Probe]: The cmd probe information is as follows' Mode=Continuous Phase=PreChaos Name=check Command='python3 -u redis-cmd.py' Comparator='{string equal 0}' Source='{kaleoum/kgh-load:j6 false}' Run Properties='{8 4 2 4 0 false}'
time='2022-01-03T06:09:58Z' level=info msg='[Status]: Checking the status of the probe pod'
time='2022-01-03T06:09:58Z' level=info msg='[Status]: Checking whether application containers are in ready state'
time='2022-01-03T06:10:00Z' level=info msg='[Status]: Checking whether application pods are in running state'
time='2022-01-03T06:10:10Z' level=info msg='[Status]: The status of Pods are as follows' Status=Running Pod=pod-network-latency-probe-andlsk
time='2022-01-03T06:10:12Z' level=info msg='[Chaos]:Number of pods targeted: 1'
time='2022-01-03T06:10:12Z' level=info msg='Target pods list for chaos, [redis-8647b8f5cc-f8bmm]'
time='2022-01-03T06:10:12Z' level=info msg='[Ramp]: Waiting for the 5s ramp time before injecting chaos'
time='2022-01-03T06:10:12Z' level=info msg='[Probe]: {Actual value: 0}, {Expected value: 0}, {Operator: equal}'
time='2022-01-03T06:10:19Z' level=info msg='[Info]: Details of application under chaos injection' PodName=redis-8647b8f5cc-f8bmm NodeName=minikube ContainerName=redis
time='2022-01-03T06:10:19Z' level=info msg='[Status]: Checking the status of the helper pods'
time='2022-01-03T06:10:29Z' level=info msg='pod-network-latency-helper-ytxjtm helper pod is in Running state'
time='2022-01-03T06:10:31Z' level=error msg='The check cmd probe has been Failed, err: {actual value: [Error]: Unable to configure database err: Could not Connect to redis.redis.svc:6379: timed out\n0} is not equal to {expected value: 0}'
time='2022-01-03T06:10:31Z' level=info msg='[Wait]: waiting till the completion of the helper pod'
time='2022-01-03T06:10:31Z' level=info msg='helper pod status: Running'
time='2022-01-03T06:10:32Z' level=info msg='helper pod status: Running'
time='2022-01-03T06:10:33Z' level=info msg='helper pod status: Running'
time='2022-01-03T06:10:34Z' level=info msg='helper pod status: Running'
time='2022-01-03T06:10:35Z' level=info msg='helper pod status: Running'
time='2022-01-03T06:10:36Z' level=info msg='helper pod status: Running'
time='2022-01-03T06:10:37Z' level=info msg='helper pod status: Running'
time='2022-01-03T06:10:37Z' level=error msg='The check cmd probe has been Failed, err: {actual value: [Error]: Unable to configure database err: Could not Connect to redis.redis.svc:6379: timed out\n0} is not equal to {expected value: 0}'
time='2022-01-03T06:10:38Z' level=info msg='helper pod status: Running'
time='2022-01-03T06:10:39Z' level=info msg='helper pod status: Running'
time='2022-01-03T06:10:40Z' level=info msg='helper pod status: Running'
time='2022-01-03T06:10:41Z' level=info msg='helper pod status: Running'
time='2022-01-03T06:10:42Z' level=info msg='helper pod status: Running'
time='2022-01-03T06:10:43Z' level=info msg='helper pod status: Running'
time='2022-01-03T06:10:44Z' level=error msg='The check cmd probe has been Failed, err: {actual value: [Error]: Unable to configure database err: Could not Connect to redis.redis.svc:6379: timed out\n0} is not equal to {expected value: 0}'
time='2022-01-03T06:10:44Z' level=info msg='helper pod status: Running'
time='2022-01-03T06:10:45Z' level=info msg='helper pod status: Running'
time='2022-01-03T06:10:46Z' level=info msg='helper pod status: Running'
time='2022-01-03T06:10:47Z' level=info msg='helper pod status: Running'
time='2022-01-03T06:10:48Z' level=info msg='helper pod status: Running'
time='2022-01-03T06:10:49Z' level=error msg='The check cmd probe has been Failed, err: {actual value: [Error]: Unable to configure database err: Could not Connect to redis.redis.svc:6379: [Errno 111] Connection refused\n0} is not equal to {expected value: 0}'
time='2022-01-03T06:10:50Z' level=info msg='helper pod status: Running'
time='2022-01-03T06:10:51Z' level=info msg='helper pod status: Running'
time='2022-01-03T06:10:52Z' level=info msg='helper pod status: Running'
time='2022-01-03T06:10:53Z' level=info msg='helper pod status: Running'
time='2022-01-03T06:10:54Z' level=info msg='helper pod status: Running'
time='2022-01-03T06:10:55Z' level=info msg='helper pod status: Running'
time='2022-01-03T06:10:55Z' level=error msg='The check cmd probe has been Failed, err: {actual value: [Error]: Unable to configure database err: Could not Connect to redis.redis.svc:6379: [Errno 111] Connection refused\n0} is not equal to {expected value: 0}'
time='2022-01-03T06:10:56Z' level=info msg='helper pod status: Running'
time='2022-01-03T06:10:57Z' level=info msg='helper pod status: Running'
time='2022-01-03T06:10:58Z' level=info msg='helper pod status: Running'
time='2022-01-03T06:10:59Z' level=info msg='helper pod status: Running'
time='2022-01-03T06:11:00Z' level=info msg='helper pod status: Running'
time='2022-01-03T06:11:01Z' level=error msg='The check cmd probe has been Failed, err: {actual value: [Error]: Unable to configure database err: Could not Connect to redis.redis.svc:6379: [Errno 111] Connection refused\n0} is not equal to {expected value: 0}'
time='2022-01-03T06:11:01Z' level=info msg='helper pod status: Running'
time='2022-01-03T06:11:02Z' level=info msg='helper pod status: Running'
time='2022-01-03T06:11:03Z' level=info msg='helper pod status: Running'
time='2022-01-03T06:11:04Z' level=info msg='helper pod status: Running'
time='2022-01-03T06:11:05Z' level=error msg='The check cmd probe has been Failed, err: {actual value: [Error]: Unable to configure database err: Could not Connect to redis.redis.svc:6379: [Errno 111] Connection refused\n0} is not equal to {expected value: 0}'
time='2022-01-03T06:11:05Z' level=info msg='helper pod status: Running'
time='2022-01-03T06:11:06Z' level=info msg='helper pod status: Running'
time='2022-01-03T06:11:07Z' level=info msg='helper pod status: Running'
time='2022-01-03T06:11:08Z' level=info msg='helper pod status: Running'
time='2022-01-03T06:11:09Z' level=info msg='helper pod status: Running'
time='2022-01-03T06:11:10Z' level=info msg='helper pod status: Running'
time='2022-01-03T06:11:11Z' level=info msg='helper pod status: Running'
time='2022-01-03T06:11:12Z' level=info msg='helper pod status: Running'
time='2022-01-03T06:11:13Z' level=info msg='helper pod status: Running'
time='2022-01-03T06:11:14Z' level=info msg='helper pod status: Running'
time='2022-01-03T06:11:15Z' level=info msg='helper pod status: Running'
time='2022-01-03T06:11:16Z' level=info msg='helper pod status: Running'
time='2022-01-03T06:11:17Z' level=info msg='helper pod status: Running'
time='2022-01-03T06:11:18Z' level=info msg='helper pod status: Running'
time='2022-01-03T06:11:19Z' level=info msg='helper pod status: Running'
time='2022-01-03T06:11:20Z' level=info msg='helper pod status: Running'
time='2022-01-03T06:11:21Z' level=info msg='helper pod status: Running'
time='2022-01-03T06:11:22Z' level=info msg='helper pod status: Running'
time='2022-01-03T06:11:23Z' level=info msg='helper pod status: Running'
time='2022-01-03T06:11:24Z' level=info msg='helper pod status: Running'
time='2022-01-03T06:11:25Z' level=info msg='helper pod status: Running'
time='2022-01-03T06:11:26Z' level=info msg='helper pod status: Running'
time='2022-01-03T06:11:27Z' level=info msg='helper pod status: Running'
time='2022-01-03T06:11:28Z' level=info msg='helper pod status: Running'
time='2022-01-03T06:11:29Z' level=info msg='helper pod status: Running'
time='2022-01-03T06:11:30Z' level=info msg='helper pod status: Succeeded'
time='2022-01-03T06:11:30Z' level=info msg='[Status]: The running status of Pods are as follows' Pod=pod-network-latency-helper-ytxjtm Status=Succeeded
time='2022-01-03T06:11:31Z' level=info msg='[Cleanup]: Deleting all the helper pod'
time='2022-01-03T06:11:34Z' level=info msg='[Confirmation]: pod-network-latency chaos has been injected successfully'
time='2022-01-03T06:11:34Z' level=info msg='[Status]: Verify that the AUT (Application Under Test) is running (post-chaos)'
time='2022-01-03T06:11:34Z' level=info msg='[Status]: Checking whether application containers are in ready state'
time='2022-01-03T06:11:34Z' level=info msg='[Status]: The Container status are as follows' container=redis Pod=redis-8647b8f5cc-f8bmm Readiness=true
time='2022-01-03T06:11:36Z' level=info msg='[Status]: Checking whether application pods are in running state'
time='2022-01-03T06:11:36Z' level=info msg='[Status]: The status of Pods are as follows' Pod=redis-8647b8f5cc-f8bmm Status=Running
time='2022-01-03T06:11:40Z' level=info msg='[Probe]: check-redis-db-cr-status probe has been Passed 😄 ' ProbeType=k8sProbe ProbeInstance=PostChaos ProbeStatus=Passed ProbeName=check-redis-db-cr-status
time='2022-01-03T06:11:40Z' level=error msg='[Probe]: check probe has been Failed 😢 ' ProbeType=cmdProbe ProbeInstance=PostChaos ProbeStatus=Failed ProbeName=check
time='2022-01-03T06:11:42Z' level=info msg='[Probe]: check-redis-db-cr-status probe has been Passed 😄 ' ProbeStatus=Passed ProbeName=check-redis-db-cr-status ProbeType=k8sProbe ProbeInstance=PostChaos
time='2022-01-03T06:11:42Z' level=error msg='[Probe]: check probe has been Failed 😢 ' ProbeType=cmdProbe ProbeInstance=PostChaos ProbeStatus=Failed ProbeName=check
time='2022-01-03T06:11:44Z' level=info msg='[The End]: Updating the chaos result of pod-network-latency experiment (EOT)'
W0103 06:09:41.422700       1 client_config.go:541] Neither --kubeconfig nor --master was specified.  Using the inClusterConfig.  This might not work.
time='2022-01-03T06:09:41Z' level=info msg='Experiments details are as follows' Service Account Name=litmus-admin Engine Namespace=litmus Experiments List='[pod-network-latency]' Engine Name=pod-network-latencyn4xk7 appLabels='app=redis' appNs=redis appKind=deployment
time='2022-01-03T06:09:41Z' level=info msg='Getting the ENV Variables'
time='2022-01-03T06:09:41Z' level=info msg='Preparing to run Chaos Experiment: pod-network-latency'
time='2022-01-03T06:09:42Z' level=info msg='Started Chaos Experiment Name: pod-network-latency, with Job Name: pod-network-latency-h4h7bt'
time='2022-01-03T06:11:57Z' level=info msg='Chaos Pod Completed, Experiment Name: pod-network-latency, with Job Name: pod-network-latency-h4h7bt'
time='2022-01-03T06:11:59Z' level=info msg='Chaos Engine has been updated with result, Experiment Name: pod-network-latency'
time='2022-01-03T06:11:59Z' level=info msg='[skip]: skipping the job deletion as jobCleanUpPolicy is set to {retain}'