W0103 06:13:12.031089       1 client_config.go:541] Neither --kubeconfig nor --master was specified.  Using the inClusterConfig.  This might not work.
time='2022-01-03T06:13:12Z' level=info msg='Experiment Name: pod-cpu-hog'
time='2022-01-03T06:13:12Z' level=info msg='[PreReq]: Getting the ENV for the pod-cpu-hog experiment'
time='2022-01-03T06:13:14Z' level=info msg='[PreReq]: Updating the chaos result of pod-cpu-hog experiment (SOT)'
time='2022-01-03T06:13:16Z' level=info msg='The application information is as follows' Container Runtime=docker Namespace=redis Label='app=redis' Chaos Duration=60 CPU Cores=1
time='2022-01-03T06:13:16Z' level=info msg='[Status]: Verify that the AUT (Application Under Test) is running (pre-chaos)'
time='2022-01-03T06:13:16Z' level=info msg='[Status]: Checking whether application containers are in ready state'
time='2022-01-03T06:13:16Z' level=info msg='[Status]: The Container status are as follows' Pod=redis-8647b8f5cc-f8bmm Readiness=true container=redis
time='2022-01-03T06:13:16Z' level=info msg='[Status]: The Container status are as follows' Readiness=true container=redis-exporter Pod=redis-8647b8f5cc-f8bmm
time='2022-01-03T06:13:18Z' level=info msg='[Status]: Checking whether application pods are in running state'
time='2022-01-03T06:13:18Z' level=info msg='[Status]: The status of Pods are as follows' Status=Running Pod=redis-8647b8f5cc-f8bmm
time='2022-01-03T06:13:22Z' level=info msg='[Probe]: The prometheus probe information is as follows' Name=check-probe-success Query='sum(rate(redis_commands_total{}[40s]))' Endpoint='http://prometheus-k8s.monitoring.svc.cluster.local:9090' Comparator='{ >= 1200}' Run Properties='{2 1 2 0 0 false}' Mode=Continuous Phase=PreChaos
time='2022-01-03T06:13:22Z' level=info msg='[Probe]: The cmd probe information is as follows' Name=check Command='python3 -u redis-cmd.py' Comparator='{string equal 0}' Source='{kaleoum/kgh-load:j6 false}' Run Properties='{1 1 1 1 0 false}' Mode=Continuous Phase=PreChaos
time='2022-01-03T06:13:22Z' level=info msg='[Status]: Checking the status of the probe pod'
time='2022-01-03T06:13:22Z' level=info msg='[Status]: Checking whether application containers are in ready state'
time='2022-01-03T06:13:22Z' level=info msg='[Probe]: {Actual value: 1181.057142857143}, {Expected value: 1200}, {Operator: >=}'
time='2022-01-03T06:13:22Z' level=error msg='The check-probe-success prom probe has been Failed, err: {actual value: 1181.057142857143} is not greater than or equal to {expected value: 1200}'
time='2022-01-03T06:13:23Z' level=error msg='The check-probe-success prom probe has been Failed, err: {actual value: 1181.057142857143} is not greater than or equal to {expected value: 1200}'
time='2022-01-03T06:13:24Z' level=info msg='[Status]: Checking whether application pods are in running state'
time='2022-01-03T06:13:30Z' level=info msg='[Status]: The status of Pods are as follows' Pod=pod-cpu-hog-probe-mwvrzj Status=Running
time='2022-01-03T06:13:32Z' level=info msg='[Chaos]:Number of pods targeted: 1'
time='2022-01-03T06:13:32Z' level=info msg='[Info]: Target pods list for chaos, [redis-8647b8f5cc-f8bmm]'
time='2022-01-03T06:13:32Z' level=info msg='[Probe]: {Actual value: 0}, {Expected value: 0}, {Operator: equal}'
time='2022-01-03T06:13:34Z' level=info msg='[Info]: Details of application under chaos injection' NodeName=minikube ContainerName=redis PodName=redis-8647b8f5cc-f8bmm
time='2022-01-03T06:13:34Z' level=info msg='[Status]: Checking the status of the helper pods'
time='2022-01-03T06:13:46Z' level=info msg='pod-cpu-hog-helper-phsdag helper pod is in Running state'
time='2022-01-03T06:13:48Z' level=info msg='[Wait]: waiting till the completion of the helper pod'
time='2022-01-03T06:13:48Z' level=info msg='helper pod status: Running'
time='2022-01-03T06:13:49Z' level=info msg='helper pod status: Running'
time='2022-01-03T06:13:50Z' level=info msg='helper pod status: Running'
time='2022-01-03T06:13:51Z' level=info msg='helper pod status: Running'
time='2022-01-03T06:13:52Z' level=info msg='helper pod status: Running'
time='2022-01-03T06:13:53Z' level=info msg='helper pod status: Running'
time='2022-01-03T06:13:54Z' level=error msg='The check-probe-success prom probe has been Failed, err: {actual value: 1185.057142857143} is not greater than or equal to {expected value: 1200}'
time='2022-01-03T06:13:54Z' level=info msg='helper pod status: Running'
time='2022-01-03T06:13:55Z' level=error msg='The check-probe-success prom probe has been Failed, err: {actual value: 1185.057142857143} is not greater than or equal to {expected value: 1200}'
time='2022-01-03T06:13:55Z' level=info msg='helper pod status: Running'
time='2022-01-03T06:13:56Z' level=error msg='The check-probe-success prom probe has been Failed, err: {actual value: 1185.057142857143} is not greater than or equal to {expected value: 1200}'
time='2022-01-03T06:13:56Z' level=info msg='helper pod status: Running'
time='2022-01-03T06:13:57Z' level=error msg='The check-probe-success prom probe has been Failed, err: {actual value: 1185.057142857143} is not greater than or equal to {expected value: 1200}'
time='2022-01-03T06:13:57Z' level=info msg='helper pod status: Running'
time='2022-01-03T06:13:58Z' level=error msg='The check-probe-success prom probe has been Failed, err: {actual value: 1185.057142857143} is not greater than or equal to {expected value: 1200}'
time='2022-01-03T06:13:58Z' level=info msg='helper pod status: Running'
time='2022-01-03T06:13:59Z' level=error msg='The check-probe-success prom probe has been Failed, err: {actual value: 1148.1830647925954} is not greater than or equal to {expected value: 1200}'
time='2022-01-03T06:13:59Z' level=info msg='helper pod status: Running'
time='2022-01-03T06:14:00Z' level=error msg='The check-probe-success prom probe has been Failed, err: {actual value: 1148.1830647925954} is not greater than or equal to {expected value: 1200}'
time='2022-01-03T06:14:00Z' level=info msg='helper pod status: Running'
time='2022-01-03T06:14:01Z' level=info msg='helper pod status: Running'
time='2022-01-03T06:14:02Z' level=info msg='helper pod status: Running'
time='2022-01-03T06:14:03Z' level=info msg='helper pod status: Running'
time='2022-01-03T06:14:05Z' level=info msg='helper pod status: Running'
time='2022-01-03T06:14:06Z' level=info msg='helper pod status: Running'
time='2022-01-03T06:14:07Z' level=info msg='helper pod status: Running'
time='2022-01-03T06:14:08Z' level=info msg='helper pod status: Running'
time='2022-01-03T06:14:09Z' level=info msg='helper pod status: Running'
time='2022-01-03T06:14:10Z' level=info msg='helper pod status: Running'
time='2022-01-03T06:14:11Z' level=info msg='helper pod status: Running'
time='2022-01-03T06:14:12Z' level=info msg='helper pod status: Running'
time='2022-01-03T06:14:13Z' level=info msg='helper pod status: Running'
time='2022-01-03T06:14:14Z' level=info msg='helper pod status: Running'
time='2022-01-03T06:14:15Z' level=info msg='helper pod status: Running'
time='2022-01-03T06:14:16Z' level=info msg='helper pod status: Running'
time='2022-01-03T06:14:17Z' level=info msg='helper pod status: Running'
time='2022-01-03T06:14:18Z' level=info msg='helper pod status: Running'
time='2022-01-03T06:14:19Z' level=info msg='helper pod status: Running'
time='2022-01-03T06:14:20Z' level=info msg='helper pod status: Running'
time='2022-01-03T06:14:21Z' level=info msg='helper pod status: Running'
time='2022-01-03T06:14:22Z' level=info msg='helper pod status: Running'
time='2022-01-03T06:14:23Z' level=info msg='helper pod status: Running'
time='2022-01-03T06:14:24Z' level=info msg='helper pod status: Running'
time='2022-01-03T06:14:25Z' level=info msg='helper pod status: Running'
time='2022-01-03T06:14:26Z' level=info msg='helper pod status: Running'
time='2022-01-03T06:14:27Z' level=info msg='helper pod status: Running'
time='2022-01-03T06:14:28Z' level=info msg='helper pod status: Running'
time='2022-01-03T06:14:29Z' level=info msg='helper pod status: Running'
time='2022-01-03T06:14:30Z' level=info msg='helper pod status: Running'
time='2022-01-03T06:14:31Z' level=info msg='helper pod status: Running'
time='2022-01-03T06:14:32Z' level=info msg='helper pod status: Running'
time='2022-01-03T06:14:33Z' level=info msg='helper pod status: Running'
time='2022-01-03T06:14:34Z' level=info msg='helper pod status: Running'
time='2022-01-03T06:14:35Z' level=info msg='helper pod status: Running'
time='2022-01-03T06:14:36Z' level=info msg='helper pod status: Running'
time='2022-01-03T06:14:37Z' level=info msg='helper pod status: Running'
time='2022-01-03T06:14:38Z' level=info msg='helper pod status: Running'
time='2022-01-03T06:14:39Z' level=info msg='helper pod status: Running'
time='2022-01-03T06:14:40Z' level=info msg='helper pod status: Running'
time='2022-01-03T06:14:41Z' level=info msg='helper pod status: Running'
time='2022-01-03T06:14:42Z' level=info msg='helper pod status: Running'
time='2022-01-03T06:14:43Z' level=info msg='helper pod status: Running'
time='2022-01-03T06:14:44Z' level=info msg='helper pod status: Running'
time='2022-01-03T06:14:45Z' level=info msg='helper pod status: Running'
time='2022-01-03T06:14:46Z' level=info msg='helper pod status: Succeeded'
time='2022-01-03T06:14:46Z' level=info msg='[Status]: The running status of Pods are as follows' Pod=pod-cpu-hog-helper-phsdag Status=Succeeded
time='2022-01-03T06:14:47Z' level=info msg='[Cleanup]: Deleting all the helper pod'
time='2022-01-03T06:14:49Z' level=info msg='[Confirmation]: pod-cpu-hog chaos has been injected successfully'
time='2022-01-03T06:14:49Z' level=info msg='[Status]: Verify that the AUT (Application Under Test) is running (post-chaos)'
time='2022-01-03T06:14:49Z' level=info msg='[Status]: Checking whether application containers are in ready state'
time='2022-01-03T06:14:49Z' level=info msg='[Status]: The Container status are as follows' container=redis Pod=redis-8647b8f5cc-f8bmm Readiness=true
time='2022-01-03T06:14:51Z' level=info msg='[Status]: Checking whether application pods are in running state'
time='2022-01-03T06:14:51Z' level=info msg='[Status]: The status of Pods are as follows' Pod=redis-8647b8f5cc-f8bmm Status=Running
time='2022-01-03T06:14:55Z' level=error msg='[Probe]: check-probe-success probe has been Failed 😢 ' ProbeName=check-probe-success ProbeType=promProbe ProbeInstance=PostChaos ProbeStatus=Failed
time='2022-01-03T06:14:55Z' level=info msg='[Probe]: check probe has been Passed 😄 ' ProbeStatus=Passed ProbeName=check ProbeType=cmdProbe ProbeInstance=PostChaos
time='2022-01-03T06:14:58Z' level=error msg='[Probe]: check-probe-success probe has been Failed 😢 ' ProbeName=check-probe-success ProbeType=promProbe ProbeInstance=PostChaos ProbeStatus=Failed
time='2022-01-03T06:14:58Z' level=info msg='[Probe]: check probe has been Passed 😄 ' ProbeName=check ProbeType=cmdProbe ProbeInstance=PostChaos ProbeStatus=Passed
time='2022-01-03T06:15:00Z' level=info msg='[The End]: Updating the chaos result of pod-cpu-hog experiment (EOT)'
W0103 06:13:02.313597       1 client_config.go:541] Neither --kubeconfig nor --master was specified.  Using the inClusterConfig.  This might not work.
time='2022-01-03T06:13:02Z' level=info msg='Experiments details are as follows' Service Account Name=litmus-admin Engine Namespace=litmus Experiments List='[pod-cpu-hog]' Engine Name=pod-cpu-hoghlgsv appLabels='app=redis' appNs=redis appKind=deployment
time='2022-01-03T06:13:02Z' level=info msg='Getting the ENV Variables'
time='2022-01-03T06:13:02Z' level=info msg='Preparing to run Chaos Experiment: pod-cpu-hog'
time='2022-01-03T06:13:03Z' level=info msg='Started Chaos Experiment Name: pod-cpu-hog, with Job Name: pod-cpu-hog-vf216o'
time='2022-01-03T06:15:16Z' level=info msg='Chaos Pod Completed, Experiment Name: pod-cpu-hog, with Job Name: pod-cpu-hog-vf216o'
time='2022-01-03T06:15:18Z' level=info msg='Chaos Engine has been updated with result, Experiment Name: pod-cpu-hog'
time='2022-01-03T06:15:18Z' level=info msg='[skip]: skipping the job deletion as jobCleanUpPolicy is set to {}'