W0103 06:16:31.124422       1 client_config.go:541] Neither --kubeconfig nor --master was specified.  Using the inClusterConfig.  This might not work.
time='2022-01-03T06:16:31Z' level=info msg='Experiment Name: pod-io-stress'
time='2022-01-03T06:16:31Z' level=info msg='[PreReq]: Getting the ENV for the pod-io-stress experiment'
time='2022-01-03T06:16:33Z' level=info msg='[PreReq]: Updating the chaos result of pod-io-stress experiment (SOT)'
time='2022-01-03T06:16:35Z' level=info msg='The application information is as follows' FilesystemUtilizationPercentage=100 NumberOfWorkers=7 Namespace=redis Label='app=redis' Chaos Duration=100
time='2022-01-03T06:16:35Z' level=info msg='[Status]: Verify that the AUT (Application Under Test) is running (pre-chaos)'
time='2022-01-03T06:16:35Z' level=info msg='[Status]: Checking whether application containers are in ready state'
time='2022-01-03T06:16:35Z' level=info msg='[Status]: The Container status are as follows' Readiness=true container=redis Pod=redis-8647b8f5cc-f8bmm
time='2022-01-03T06:16:35Z' level=info msg='[Status]: The Container status are as follows' Pod=redis-8647b8f5cc-f8bmm Readiness=true container=redis-exporter
time='2022-01-03T06:16:37Z' level=info msg='[Status]: Checking whether application pods are in running state'
time='2022-01-03T06:16:37Z' level=info msg='[Status]: The status of Pods are as follows' Pod=redis-8647b8f5cc-f8bmm Status=Running
time='2022-01-03T06:16:41Z' level=info msg='[Probe]: The k8s probe information is as follows' Inputs='{ v1 pods redis status.phase=Running app=redis present}' Run Properties='{1 1 1 1 0 false}' Mode=Continuous Phase=PreChaos Name=check-redis-db-cr-status
time='2022-01-03T06:16:41Z' level=info msg='[Probe]: The prometheus probe information is as follows' Run Properties='{2 1 2 0 0 false}' Mode=Continuous Phase=PreChaos Name=check-probe-success Query='sum(rate(redis_commands_total{}[40s]))' Endpoint='http://prometheus-k8s.monitoring.svc.cluster.local:9090' Comparator='{ >= 1200}'
time='2022-01-03T06:16:41Z' level=info msg='[Probe]: The cmd probe information is as follows' Name=check Command='python3 -u redis-cmd.py' Comparator='{string equal 0}' Source='{kaleoum/kgh-load:j6 false}' Run Properties='{1 1 1 1 0 false}' Mode=Continuous Phase=PreChaos
time='2022-01-03T06:16:41Z' level=info msg='[Probe]: {Actual value: 930.7714285714287}, {Expected value: 1200}, {Operator: >=}'
time='2022-01-03T06:16:41Z' level=error msg='The check-probe-success prom probe has been Failed, err: {actual value: 930.7714285714287} is not greater than or equal to {expected value: 1200}'
time='2022-01-03T06:16:42Z' level=info msg='[Status]: Checking the status of the probe pod'
time='2022-01-03T06:16:42Z' level=info msg='[Status]: Checking whether application containers are in ready state'
time='2022-01-03T06:16:42Z' level=error msg='The check-probe-success prom probe has been Failed, err: {actual value: 930.7714285714287} is not greater than or equal to {expected value: 1200}'
time='2022-01-03T06:16:43Z' level=error msg='The check-probe-success prom probe has been Failed, err: {actual value: 930.7714285714287} is not greater than or equal to {expected value: 1200}'
time='2022-01-03T06:16:44Z' level=info msg='[Status]: Checking whether application pods are in running state'
time='2022-01-03T06:16:44Z' level=error msg='The check-probe-success prom probe has been Failed, err: {actual value: 991.4559222746108} is not greater than or equal to {expected value: 1200}'
time='2022-01-03T06:16:45Z' level=error msg='The check-probe-success prom probe has been Failed, err: {actual value: 991.4559222746108} is not greater than or equal to {expected value: 1200}'
time='2022-01-03T06:16:46Z' level=error msg='The check-probe-success prom probe has been Failed, err: {actual value: 991.4559222746108} is not greater than or equal to {expected value: 1200}'
time='2022-01-03T06:16:47Z' level=error msg='The check-probe-success prom probe has been Failed, err: {actual value: 991.4559222746108} is not greater than or equal to {expected value: 1200}'
time='2022-01-03T06:16:50Z' level=info msg='[Status]: The status of Pods are as follows' Pod=pod-io-stress-probe-bgprpl Status=Running
time='2022-01-03T06:16:52Z' level=info msg='[Chaos]:Number of pods targeted: 1'
time='2022-01-03T06:16:52Z' level=info msg='[Info]: Target pods list for chaos, [redis-8647b8f5cc-f8bmm]'
time='2022-01-03T06:16:53Z' level=info msg='[Probe]: {Actual value: 0}, {Expected value: 0}, {Operator: equal}'
time='2022-01-03T06:16:54Z' level=info msg='[Info]: Details of application under chaos injection' PodName=redis-8647b8f5cc-f8bmm NodeName=minikube ContainerName=redis
time='2022-01-03T06:16:54Z' level=info msg='[Status]: Checking the status of the helper pods'
time='2022-01-03T06:17:33Z' level=info msg='pod-io-stress-helper-ojvuim helper pod is in Running state'
time='2022-01-03T06:17:35Z' level=info msg='[Wait]: waiting till the completion of the helper pod'
time='2022-01-03T06:17:36Z' level=info msg='helper pod status: Running'
time='2022-01-03T06:17:38Z' level=info msg='helper pod status: Running'
time='2022-01-03T06:17:39Z' level=info msg='helper pod status: Running'
time='2022-01-03T06:17:40Z' level=info msg='helper pod status: Running'
time='2022-01-03T06:17:41Z' level=info msg='helper pod status: Running'
time='2022-01-03T06:17:43Z' level=info msg='helper pod status: Running'
time='2022-01-03T06:17:44Z' level=info msg='helper pod status: Running'
time='2022-01-03T06:17:45Z' level=info msg='helper pod status: Running'
time='2022-01-03T06:17:46Z' level=info msg='helper pod status: Running'
time='2022-01-03T06:17:49Z' level=info msg='helper pod status: Running'
time='2022-01-03T06:17:50Z' level=info msg='helper pod status: Running'
time='2022-01-03T06:17:51Z' level=info msg='helper pod status: Running'
time='2022-01-03T06:17:53Z' level=info msg='helper pod status: Running'
time='2022-01-03T06:17:54Z' level=info msg='helper pod status: Running'
time='2022-01-03T06:17:56Z' level=info msg='helper pod status: Running'
time='2022-01-03T06:17:58Z' level=info msg='helper pod status: Running'
time='2022-01-03T06:17:59Z' level=info msg='helper pod status: Running'
time='2022-01-03T06:18:00Z' level=info msg='helper pod status: Running'
time='2022-01-03T06:18:01Z' level=info msg='helper pod status: Running'
time='2022-01-03T06:18:03Z' level=info msg='helper pod status: Running'
time='2022-01-03T06:18:05Z' level=info msg='helper pod status: Running'
time='2022-01-03T06:18:06Z' level=info msg='helper pod status: Running'
time='2022-01-03T06:18:08Z' level=info msg='helper pod status: Running'
time='2022-01-03T06:18:09Z' level=info msg='helper pod status: Running'
time='2022-01-03T06:18:10Z' level=info msg='helper pod status: Running'
time='2022-01-03T06:18:11Z' level=info msg='helper pod status: Running'
time='2022-01-03T06:18:13Z' level=info msg='helper pod status: Running'
time='2022-01-03T06:18:15Z' level=info msg='helper pod status: Running'
time='2022-01-03T06:18:17Z' level=info msg='helper pod status: Running'
time='2022-01-03T06:18:19Z' level=info msg='helper pod status: Running'
time='2022-01-03T06:18:20Z' level=info msg='helper pod status: Running'
time='2022-01-03T06:18:21Z' level=info msg='helper pod status: Running'
time='2022-01-03T06:18:23Z' level=info msg='helper pod status: Running'
time='2022-01-03T06:18:24Z' level=info msg='helper pod status: Running'
time='2022-01-03T06:18:25Z' level=info msg='helper pod status: Running'
time='2022-01-03T06:18:26Z' level=info msg='helper pod status: Running'
time='2022-01-03T06:18:28Z' level=info msg='helper pod status: Running'
time='2022-01-03T06:18:29Z' level=info msg='helper pod status: Running'
time='2022-01-03T06:18:30Z' level=info msg='helper pod status: Running'
time='2022-01-03T06:18:31Z' level=info msg='helper pod status: Running'
time='2022-01-03T06:18:32Z' level=info msg='helper pod status: Running'
time='2022-01-03T06:18:34Z' level=info msg='helper pod status: Running'
time='2022-01-03T06:18:35Z' level=info msg='helper pod status: Running'
time='2022-01-03T06:18:36Z' level=info msg='helper pod status: Running'
time='2022-01-03T06:18:37Z' level=info msg='helper pod status: Running'
time='2022-01-03T06:18:38Z' level=info msg='helper pod status: Running'
time='2022-01-03T06:18:39Z' level=info msg='helper pod status: Running'
time='2022-01-03T06:18:40Z' level=info msg='helper pod status: Running'
time='2022-01-03T06:18:41Z' level=info msg='helper pod status: Running'
time='2022-01-03T06:18:43Z' level=info msg='helper pod status: Running'
time='2022-01-03T06:18:44Z' level=info msg='helper pod status: Running'
time='2022-01-03T06:18:45Z' level=info msg='helper pod status: Running'
time='2022-01-03T06:18:46Z' level=info msg='helper pod status: Running'
time='2022-01-03T06:18:47Z' level=info msg='helper pod status: Running'
time='2022-01-03T06:18:49Z' level=info msg='helper pod status: Running'
time='2022-01-03T06:18:50Z' level=info msg='helper pod status: Running'
time='2022-01-03T06:18:51Z' level=info msg='helper pod status: Running'
time='2022-01-03T06:18:52Z' level=info msg='helper pod status: Running'
time='2022-01-03T06:18:53Z' level=info msg='helper pod status: Running'
time='2022-01-03T06:18:54Z' level=info msg='helper pod status: Running'
time='2022-01-03T06:18:56Z' level=info msg='helper pod status: Running'
time='2022-01-03T06:18:57Z' level=info msg='helper pod status: Running'
time='2022-01-03T06:18:58Z' level=info msg='helper pod status: Running'
time='2022-01-03T06:18:59Z' level=info msg='helper pod status: Running'
time='2022-01-03T06:19:00Z' level=info msg='helper pod status: Running'
time='2022-01-03T06:19:01Z' level=info msg='helper pod status: Running'
time='2022-01-03T06:19:02Z' level=info msg='helper pod status: Running'
time='2022-01-03T06:19:03Z' level=info msg='helper pod status: Running'
time='2022-01-03T06:19:04Z' level=info msg='helper pod status: Running'
time='2022-01-03T06:19:05Z' level=info msg='helper pod status: Running'
time='2022-01-03T06:19:06Z' level=info msg='helper pod status: Running'
time='2022-01-03T06:19:07Z' level=info msg='helper pod status: Running'
time='2022-01-03T06:19:08Z' level=info msg='helper pod status: Running'
time='2022-01-03T06:19:09Z' level=info msg='helper pod status: Running'
time='2022-01-03T06:19:10Z' level=info msg='helper pod status: Running'
time='2022-01-03T06:19:12Z' level=info msg='helper pod status: Running'
time='2022-01-03T06:19:13Z' level=info msg='helper pod status: Running'
time='2022-01-03T06:19:18Z' level=info msg='helper pod status: Running'
time='2022-01-03T06:19:26Z' level=info msg='helper pod status: Running'
time='2022-01-03T06:19:30Z' level=info msg='helper pod status: Running'
time='2022-01-03T06:19:33Z' level=info msg='helper pod status: Running'
time='2022-01-03T06:19:36Z' level=info msg='helper pod status: Running'
time='2022-01-03T06:19:38Z' level=info msg='helper pod status: Running'
time='2022-01-03T06:19:39Z' level=info msg='helper pod status: Running'
time='2022-01-03T06:19:40Z' level=info msg='helper pod status: Running'
time='2022-01-03T06:19:41Z' level=info msg='helper pod status: Running'
time='2022-01-03T06:19:42Z' level=info msg='helper pod status: Running'
time='2022-01-03T06:19:43Z' level=info msg='helper pod status: Running'
time='2022-01-03T06:19:44Z' level=info msg='helper pod status: Running'
time='2022-01-03T06:19:45Z' level=info msg='helper pod status: Succeeded'
time='2022-01-03T06:19:45Z' level=info msg='[Status]: The running status of Pods are as follows' Pod=pod-io-stress-helper-ojvuim Status=Succeeded
time='2022-01-03T06:19:46Z' level=info msg='[Cleanup]: Deleting all the helper pod'
time='2022-01-03T06:19:48Z' level=info msg='[Confirmation]: pod-io-stress chaos has been injected successfully'
time='2022-01-03T06:19:48Z' level=info msg='[Status]: Verify that the AUT (Application Under Test) is running (post-chaos)'
time='2022-01-03T06:19:48Z' level=info msg='[Status]: Checking whether application containers are in ready state'
time='2022-01-03T06:19:48Z' level=info msg='[Status]: The Container status are as follows' container=redis Pod=redis-8647b8f5cc-f8bmm Readiness=true
time='2022-01-03T06:19:50Z' level=info msg='[Status]: Checking whether application pods are in running state'
time='2022-01-03T06:19:50Z' level=info msg='[Status]: The status of Pods are as follows' Pod=redis-8647b8f5cc-f8bmm Status=Running
time='2022-01-03T06:19:54Z' level=info msg='[Probe]: check-redis-db-cr-status probe has been Passed 😄 ' ProbeType=k8sProbe ProbeInstance=PostChaos ProbeStatus=Passed ProbeName=check-redis-db-cr-status
time='2022-01-03T06:19:54Z' level=error msg='[Probe]: check-probe-success probe has been Failed 😢 ' ProbeStatus=Failed ProbeName=check-probe-success ProbeType=promProbe ProbeInstance=PostChaos
time='2022-01-03T06:19:54Z' level=info msg='[Probe]: check probe has been Passed 😄 ' ProbeName=check ProbeType=cmdProbe ProbeInstance=PostChaos ProbeStatus=Passed
time='2022-01-03T06:19:56Z' level=info msg='[Probe]: check-redis-db-cr-status probe has been Passed 😄 ' ProbeName=check-redis-db-cr-status ProbeType=k8sProbe ProbeInstance=PostChaos ProbeStatus=Passed
time='2022-01-03T06:19:56Z' level=error msg='[Probe]: check-probe-success probe has been Failed 😢 ' ProbeName=check-probe-success ProbeType=promProbe ProbeInstance=PostChaos ProbeStatus=Failed
time='2022-01-03T06:19:56Z' level=info msg='[Probe]: check probe has been Passed 😄 ' ProbeType=cmdProbe ProbeInstance=PostChaos ProbeStatus=Passed ProbeName=check
time='2022-01-03T06:19:58Z' level=info msg='[The End]: Updating the chaos result of pod-io-stress experiment (EOT)'
W0103 06:16:23.631905       1 client_config.go:541] Neither --kubeconfig nor --master was specified.  Using the inClusterConfig.  This might not work.
time='2022-01-03T06:16:23Z' level=info msg='Experiments details are as follows' Service Account Name=litmus-admin Engine Namespace=litmus Experiments List='[pod-io-stress]' Engine Name=pod-io-stress5psw2 appLabels='app=redis' appNs=redis appKind=deployment
time='2022-01-03T06:16:24Z' level=info msg='Getting the ENV Variables'
time='2022-01-03T06:16:24Z' level=info msg='Preparing to run Chaos Experiment: pod-io-stress'
time='2022-01-03T06:16:24Z' level=info msg='Started Chaos Experiment Name: pod-io-stress, with Job Name: pod-io-stress-rinu9e'
time='2022-01-03T06:21:59Z' level=info msg='Chaos Pod Completed, Experiment Name: pod-io-stress, with Job Name: pod-io-stress-rinu9e'
time='2022-01-03T06:22:02Z' level=info msg='Chaos Engine has been updated with result, Experiment Name: pod-io-stress'
time='2022-01-03T06:22:03Z' level=info msg='[skip]: skipping the job deletion as jobCleanUpPolicy is set to {retain}'