metadata:
  name: pod-network-latencyn4xk7-pod-network-latency
  namespace: litmus
  uid: e426bc3b-3926-4f02-b77b-fcceeb4c6158
  resourceVersion: "229853"
  generation: 2
  creationTimestamp: 2022-01-03T06:09:52Z
  labels:
    app.kubernetes.io/component: experiment-job
    app.kubernetes.io/part-of: litmus
    app.kubernetes.io/runtime-api-usage: "true"
    app.kubernetes.io/version: latest
    chaosUID: d22e63b4-e0d3-4262-9771-5f580f23c88e
    controller-uid: 88eceed5-3f7b-4e0d-bf8d-938c1b8b8cd3
    job-name: pod-network-latency-h4h7bt
    name: pod-network-latency
  managedFields:
    - manager: experiments
      operation: Update
      apiVersion: litmuschaos.io/v1alpha1
      time: 2022-01-03T06:09:52Z
      fieldsType: FieldsV1
      fieldsV1:
        f:metadata:
          f:labels:
            .: {}
            f:app.kubernetes.io/component: {}
            f:app.kubernetes.io/part-of: {}
            f:app.kubernetes.io/runtime-api-usage: {}
            f:app.kubernetes.io/version: {}
            f:chaosUID: {}
            f:controller-uid: {}
            f:job-name: {}
            f:name: {}
        f:spec:
          .: {}
          f:engine: {}
          f:experiment: {}
        f:status:
          .: {}
          f:experimentStatus: {}
          f:history: {}
          f:probeStatus: {}
spec:
  engine: pod-network-latencyn4xk7
  experiment: pod-network-latency
status:
  experimentStatus:
    phase: Completed
    verdict: Fail
    failStep: N/A
    probeSuccessPercentage: "100"
  probeStatus:
    - name: check-redis-db-cr-status
      type: k8sProbe
      status:
        Continuous: "Passed 👍 "
    - name: check
      type: cmdProbe
      status:
        Continuous: "Better Luck Next Time 👎 "
  history:
    passedRuns: 0
    failedRuns: 1
    stoppedRuns: 0
    targets:
      - name: redis-8647b8f5cc-f8bmm
        kind: pod
        chaosStatus: reverted