metadata:
  name: pod-cpu-hoghlgsv-pod-cpu-hog
  namespace: litmus
  uid: 6bfca02d-d1eb-4ef7-b5af-736d48cea4b5
  resourceVersion: "230106"
  generation: 2
  creationTimestamp: 2022-01-03T06:13:16Z
  labels:
    app.kubernetes.io/component: experiment-job
    app.kubernetes.io/part-of: litmus
    app.kubernetes.io/runtime-api-usage: "true"
    app.kubernetes.io/version: latest
    chaosUID: 71fb2226-30d2-419d-8e55-e8ca47a44b89
    controller-uid: 394516c7-f27c-4466-92f5-bfa676698a14
    job-name: pod-cpu-hog-vf216o
    name: pod-cpu-hog
  managedFields:
    - manager: experiments
      operation: Update
      apiVersion: litmuschaos.io/v1alpha1
      time: 2022-01-03T06:13:16Z
      fieldsType: FieldsV1
      fieldsV1:
        f:metadata:
          f:labels:
            .: {}
            f:app.kubernetes.io/component: {}
            f:app.kubernetes.io/part-of: {}
            f:app.kubernetes.io/runtime-api-usage: {}
            f:app.kubernetes.io/version: {}
            f:chaosUID: {}
            f:controller-uid: {}
            f:job-name: {}
            f:name: {}
        f:spec:
          .: {}
          f:engine: {}
          f:experiment: {}
        f:status:
          .: {}
          f:experimentStatus: {}
          f:history: {}
          f:probeStatus: {}
spec:
  engine: pod-cpu-hoghlgsv
  experiment: pod-cpu-hog
status:
  experimentStatus:
    phase: Completed
    verdict: Fail
    failStep: N/A
    probeSuccessPercentage: "100"
  probeStatus:
    - name: check-probe-success
      type: promProbe
      status:
        Continuous: "Better Luck Next Time 👎 "
    - name: check
      type: cmdProbe
      status:
        Continuous: "Passed 👍 "
  history:
    passedRuns: 0
    failedRuns: 1
    stoppedRuns: 0
    targets:
      - name: redis-8647b8f5cc-f8bmm
        kind: pod
        chaosStatus: reverted