--------
2021-02-11T13:33:35.166632Z 0 [Warning] [MY-000000] [Galera] Failed to report last committed a7fdaf4b-6a47-11eb-97e6-52bba6b39a94:570388, -110 (Connection timed out)
2021-02-11T13:33:36.125101Z 0 [Note] [MY-000000] [Galera] (13ba234b, 'ssl://0.0.0.0:4567') turning message relay requesting on, nonlive peers: ssl://10.244.0.28:4567 
2021-02-11T13:33:36.625145Z 0 [Note] [MY-000000] [Galera] (13ba234b, 'ssl://0.0.0.0:4567') connection to peer 2aba880f with addr ssl://10.244.2.40:4567 timed out, no messages seen in PT3S (gmcast.peer_timeout)
2021-02-11T13:33:37.125235Z 0 [Note] [MY-000000] [Galera] (13ba234b, 'ssl://0.0.0.0:4567') reconnecting to 89c07942 (ssl://10.244.0.28:4567), attempt 0
2021-02-11T13:33:37.625311Z 0 [Note] [MY-000000] [Galera] (13ba234b, 'ssl://0.0.0.0:4567') reconnecting to 2aba880f (ssl://10.244.2.40:4567), attempt 0
2021-02-11T13:33:38.620284Z 0 [Note] [MY-000000] [Galera] declaring node with index 1 suspected, timeout PT5S (evs.suspect_timeout)
2021-02-11T13:33:38.620349Z 0 [Note] [MY-000000] [Galera] evs::proto(13ba234b, OPERATIONAL, view_id(REG,13ba234b,47)) suspecting node: 2aba880f
2021-02-11T13:33:38.620362Z 0 [Note] [MY-000000] [Galera] evs::proto(13ba234b, OPERATIONAL, view_id(REG,13ba234b,47)) suspected node without join message, declaring inactive
2021-02-11T13:33:39.120512Z 0 [Note] [MY-000000] [Galera] declaring node with index 1 inactive (evs.inactive_timeout) 
2021-02-11T13:33:40.125867Z 0 [Note] [MY-000000] [Galera] (13ba234b, 'ssl://0.0.0.0:4567') connection to peer 00000000 with addr ssl://10.244.0.28:4567 timed out, no messages seen in PT3S (gmcast.peer_timeout)
2021-02-11T13:33:40.625963Z 0 [Note] [MY-000000] [Galera] (13ba234b, 'ssl://0.0.0.0:4567') connection to peer 00000000 with addr ssl://10.244.2.40:4567 timed out, no messages seen in PT3S (gmcast.peer_timeout)
2021-02-11T13:33:41.121021Z 0 [Note] [MY-000000] [Galera] declaring node with index 2 suspected, timeout PT5S (evs.suspect_timeout)
2021-02-11T13:33:41.121095Z 0 [Note] [MY-000000] [Galera] evs::proto(13ba234b, GATHER, view_id(REG,13ba234b,47)) suspecting node: 89c07942
2021-02-11T13:33:41.121106Z 0 [Note] [MY-000000] [Galera] evs::proto(13ba234b, GATHER, view_id(REG,13ba234b,47)) suspected node without join message, declaring inactive
2021-02-11T13:33:41.621309Z 0 [Note] [MY-000000] [Galera] Current view of cluster as seen by this node
view (view_id(NON_PRIM,13ba234b,47)
memb {
	13ba234b,0
	}
joined {
	}
left {
	}
partitioned {
	2aba880f,0
	89c07942,0
	}
)
2021-02-11T13:33:41.621506Z 0 [Note] [MY-000000] [Galera] Current view of cluster as seen by this node
view (view_id(NON_PRIM,13ba234b,48)
memb {
	13ba234b,0
	}
joined {
	}
left {
	}
partitioned {
	2aba880f,0
	89c07942,0
	}
)
2021-02-11T13:33:41.621835Z 0 [Note] [MY-000000] [Galera] New COMPONENT: primary = no, bootstrap = no, my_idx = 0, memb_num = 1
2021-02-11T13:33:41.622021Z 0 [Note] [MY-000000] [Galera] Flow-control interval: [100, 100]
2021-02-11T13:33:41.622047Z 0 [Note] [MY-000000] [Galera] Received NON-PRIMARY.
2021-02-11T13:33:41.622059Z 0 [Note] [MY-000000] [Galera] Shifting SYNCED -> OPEN (TO: 570452)
2021-02-11T13:33:41.622090Z 0 [Warning] [MY-000000] [Galera] FLOW message from member 0 in non-primary configuration. Ignored.
2021-02-11T13:33:41.622121Z 0 [Note] [MY-000000] [Galera] New COMPONENT: primary = no, bootstrap = no, my_idx = 0, memb_num = 1
2021-02-11T13:33:41.622143Z 1 [Note] [MY-000000] [Galera] ####### processing CC -1, local, ordered
2021-02-11T13:33:41.622166Z 0 [Note] [MY-000000] [Galera] Flow-control interval: [100, 100]
2021-02-11T13:33:41.622174Z 1 [Note] [MY-000000] [Galera] Drain monitors from 570452 upto 570452
2021-02-11T13:33:41.622236Z 0 [Note] [MY-000000] [Galera] Received NON-PRIMARY.
2021-02-11T13:33:41.622349Z 1 [Note] [MY-000000] [Galera] ####### My UUID: 13ba234b-6c6d-11eb-8942-3ecf5f68222d
2021-02-11T13:33:41.622423Z 1 [Note] [MY-000000] [Galera] ####### ST not required
2021-02-11T13:33:41.622883Z 1 [Note] [MY-000000] [Galera] ================================================
View:
  id: a7fdaf4b-6a47-11eb-97e6-52bba6b39a94:-1
  status: non-primary
  protocol_version: 4
  capabilities: MULTI-MASTER, CERTIFICATION, PARALLEL_APPLYING, REPLAY, ISOLATION, PAUSE, CAUSAL_READ, INCREMENTAL_WS, UNORDERED, PREORDERED, STREAMING, NBO
  final: no
  own_index: 0
  members(1):
	0: 13ba234b-6c6d-11eb-8942-3ecf5f68222d, cluster1-pxc-1
=================================================
2021-02-11T13:33:41.622963Z 1 [Note] [MY-000000] [Galera] Non-primary view
2021-02-11T13:33:41.622990Z 1 [Note] [MY-000000] [WSREP] Server status change synced -> connected
2021-02-11T13:33:41.623066Z 1 [Note] [MY-000000] [WSREP] wsrep_notify_cmd is not defined, skipping notification.
2021-02-11T13:33:41.623154Z 1 [Note] [MY-000000] [WSREP] wsrep_notify_cmd is not defined, skipping notification.
2021-02-11T13:33:41.623252Z 1 [Note] [MY-000000] [Galera] ####### processing CC -1, local, ordered
2021-02-11T13:33:41.623313Z 1 [Note] [MY-000000] [Galera] Drain monitors from 570452 upto 570452
2021-02-11T13:33:41.623389Z 1 [Note] [MY-000000] [Galera] ####### My UUID: 13ba234b-6c6d-11eb-8942-3ecf5f68222d
2021-02-11T13:33:41.623414Z 1 [Note] [MY-000000] [Galera] ####### ST not required
2021-02-11T13:33:41.623477Z 1 [Note] [MY-000000] [Galera] ================================================
View:
  id: a7fdaf4b-6a47-11eb-97e6-52bba6b39a94:-1
  status: non-primary
  protocol_version: 4
  capabilities: MULTI-MASTER, CERTIFICATION, PARALLEL_APPLYING, REPLAY, ISOLATION, PAUSE, CAUSAL_READ, INCREMENTAL_WS, UNORDERED, PREORDERED, STREAMING, NBO
  final: no
  own_index: 0
  members(1):
	0: 13ba234b-6c6d-11eb-8942-3ecf5f68222d, cluster1-pxc-1
=================================================
2021-02-11T13:33:41.623501Z 1 [Note] [MY-000000] [Galera] Non-primary view
2021-02-11T13:33:41.623551Z 1 [Note] [MY-000000] [WSREP] Server status change connected -> connected
2021-02-11T13:33:41.623580Z 1 [Note] [MY-000000] [WSREP] wsrep_notify_cmd is not defined, skipping notification.
2021-02-11T13:33:43.787035Z 0 [ERROR] [MY-000000] [Galera] handshake with remote endpoint ssl://10.244.2.8:46262 failed: asio.ssl:336027804: 'http request' ( 336027804: 'error:1407609C:SSL routines:SSL23_GET_CLIENT_HELLO:http request')
This error is often caused by SSL issues. For more information, please see:
  https://per.co.na/pxc/encrypt_cluster_traffic
--------
2021-02-11T13:33:44.127417Z 0 [Note] [MY-000000] [Galera] (13ba234b, 'ssl://0.0.0.0:4567') connection to peer 00000000 with addr ssl://10.244.0.28:4567 timed out, no messages seen in PT3S (gmcast.peer_timeout)
2021-02-11T13:33:44.627519Z 0 [Note] [MY-000000] [Galera] (13ba234b, 'ssl://0.0.0.0:4567') connection to peer 00000000 with addr ssl://10.244.2.40:4567 timed out, no messages seen in PT3S (gmcast.peer_timeout)
2021-02-11T13:33:44.981013Z 0 [ERROR] [MY-000000] [Galera] handshake with remote endpoint ssl://10.244.2.8:46246 failed: asio.ssl:336027804: 'http request' ( 336027804: 'error:1407609C:SSL routines:SSL23_GET_CLIENT_HELLO:http request')
This error is often caused by SSL issues. For more information, please see:
  https://per.co.na/pxc/encrypt_cluster_traffic
--------
2021-02-11T13:33:45.135876Z 0 [Note] [MY-000000] [Galera] SSL handshake successful, remote endpoint ssl://10.244.0.28:4567 local endpoint ssl://10.244.1.19:58256 cipher: ECDHE-RSA-AES256-GCM-SHA384 compression: none
2021-02-11T13:33:45.137053Z 0 [Note] [MY-000000] [Galera] (13ba234b, 'ssl://0.0.0.0:4567') connection established to 89c07942 ssl://10.244.0.28:4567
2021-02-11T13:33:45.143656Z 0 [Note] [MY-000000] [Galera] declaring 2aba880f at ssl://10.244.2.40:4567 stable
2021-02-11T13:33:45.143693Z 0 [Note] [MY-000000] [Galera] declaring 89c07942 at ssl://10.244.0.28:4567 stable
2021-02-11T13:33:45.144853Z 0 [Note] [MY-000000] [Galera] Node 2aba880f state primary
2021-02-11T13:33:45.146241Z 0 [Note] [MY-000000] [Galera] Current view of cluster as seen by this node
view (view_id(PRIM,13ba234b,49)
memb {
	13ba234b,0
	2aba880f,0
	89c07942,0
	}
joined {
	}
left {
	}
partitioned {
	}
)
2021-02-11T13:33:45.146281Z 0 [Note] [MY-000000] [Galera] Save the discovered primary-component to disk
2021-02-11T13:33:45.166497Z 0 [Note] [MY-000000] [Galera] New COMPONENT: primary = yes, bootstrap = no, my_idx = 0, memb_num = 3
2021-02-11T13:33:45.166686Z 0 [Note] [MY-000000] [Galera] STATE_EXCHANGE: sent state UUID: c3792b9f-6c6d-11eb-9bea-3a8e08868ae3
2021-02-11T13:33:45.182661Z 0 [Note] [MY-000000] [Galera] STATE EXCHANGE: sent state msg: c3792b9f-6c6d-11eb-9bea-3a8e08868ae3
2021-02-11T13:33:45.184126Z 0 [Note] [MY-000000] [Galera] STATE EXCHANGE: got state msg: c3792b9f-6c6d-11eb-9bea-3a8e08868ae3 from 0 (cluster1-pxc-1)
2021-02-11T13:33:45.184163Z 0 [Note] [MY-000000] [Galera] STATE EXCHANGE: got state msg: c3792b9f-6c6d-11eb-9bea-3a8e08868ae3 from 1 (cluster1-pxc-2)
2021-02-11T13:33:45.184187Z 0 [Note] [MY-000000] [Galera] STATE EXCHANGE: got state msg: c3792b9f-6c6d-11eb-9bea-3a8e08868ae3 from 2 (cluster1-pxc-0)
2021-02-11T13:33:45.184215Z 0 [Note] [MY-000000] [Galera] Quorum results:
	version    = 6,
	component  = PRIMARY,
	conf_id    = 48,
	members    = 2/3 (primary/total),
	act_id     = 571374,
	last_appl. = 571176,
	protocols  = 2/10/4 (gcs/repl/appl),
	vote policy= 0,
	group UUID = a7fdaf4b-6a47-11eb-97e6-52bba6b39a94
2021-02-11T13:33:45.184304Z 0 [Note] [MY-000000] [Galera] Flow-control interval: [173, 173]
2021-02-11T13:33:45.184327Z 0 [Note] [MY-000000] [Galera] Shifting OPEN -> PRIMARY (TO: 571375)
2021-02-11T13:33:45.184449Z 1 [Note] [MY-000000] [Galera] ####### processing CC 571375, local, ordered
2021-02-11T13:33:45.184496Z 1 [Note] [MY-000000] [Galera] Drain monitors from 570452 upto 570452
2021-02-11T13:33:45.184516Z 1 [Note] [MY-000000] [Galera] REPL Protocols: 10 (5, 3)
2021-02-11T13:33:45.184534Z 1 [Note] [MY-000000] [Galera] ####### My UUID: 13ba234b-6c6d-11eb-8942-3ecf5f68222d
2021-02-11T13:33:45.184553Z 1 [Note] [MY-000000] [Galera] State transfer required: 
	Group state: a7fdaf4b-6a47-11eb-97e6-52bba6b39a94:571375
	Local state: a7fdaf4b-6a47-11eb-97e6-52bba6b39a94:570452
2021-02-11T13:33:45.184565Z 1 [Note] [MY-000000] [WSREP] Server status change connected -> joiner
2021-02-11T13:33:45.184575Z 1 [Note] [MY-000000] [WSREP] wsrep_notify_cmd is not defined, skipping notification.
2021-02-11T13:33:45.184588Z 1 [Note] [MY-000000] [WSREP] WSREP: You have configured 'xtrabackup-v2' state snapshot transfer method which cannot be performed on a running server. Wsrep provider won't be able to fall back to it if other means of state transfer are unavailable. In that case you will need to restart the server.
2021-02-11T13:33:45.184601Z 1 [Note] [MY-000000] [Galera] Cert index reset to 00000000-0000-0000-0000-000000000000:-1 (proto: 10), state transfer needed: yes
2021-02-11T13:33:45.187071Z 0 [Note] [MY-000000] [Galera] Service thread queue flushed.
2021-02-11T13:33:45.187170Z 1 [Note] [MY-000000] [Galera] ####### Assign initial position for certification: 00000000-0000-0000-0000-000000000000:-1, protocol version: 5
2021-02-11T13:33:45.187191Z 1 [Note] [MY-000000] [Galera] Check if state gap can be serviced using IST
2021-02-11T13:33:45.187208Z 1 [Note] [MY-000000] [Galera] ####### IST uuid:a7fdaf4b-6a47-11eb-97e6-52bba6b39a94 f: 570453, l: 571375, STRv: 3
2021-02-11T13:33:45.187316Z 1 [Note] [MY-000000] [Galera] IST receiver addr using ssl://10.244.1.19:4568
2021-02-11T13:33:45.187411Z 1 [Note] [MY-000000] [Galera] IST receiver using ssl
2021-02-11T13:33:45.187976Z 1 [Note] [MY-000000] [Galera] Prepared IST receiver for 570453-571375, listening at: ssl://10.244.1.19:4568
2021-02-11T13:33:45.191511Z 0 [Note] [MY-000000] [Galera] Member 0.0 (cluster1-pxc-1) requested state transfer from 'cluster1-pxc-1,'. Selected 2.0 (cluster1-pxc-0)(SYNCED) as donor.
2021-02-11T13:33:45.191537Z 0 [Note] [MY-000000] [Galera] Shifting PRIMARY -> JOINER (TO: 571375)
2021-02-11T13:33:45.191630Z 1 [Note] [MY-000000] [Galera] Requesting state transfer: success, donor: 2
2021-02-11T13:33:45.191654Z 1 [Note] [MY-000000] [Galera] Receiving IST: 923 writesets, seqnos 570453-571375
2021-02-11T13:33:45.194146Z 0 [Note] [MY-000000] [Galera] SSL handshake successful, remote endpoint ssl://10.244.2.40:35196 local endpoint ssl://10.244.1.19:4567 cipher: ECDHE-RSA-AES256-GCM-SHA384 compression: none
2021-02-11T13:33:45.194785Z 0 [Note] [MY-000000] [Galera] (13ba234b, 'ssl://0.0.0.0:4567') connection established to 2aba880f ssl://10.244.2.40:4567
2021-02-11T13:33:45.238151Z 0 [Note] [MY-000000] [Galera] ####### IST applying starts with 570453
2021-02-11T13:33:45.238624Z 0 [Note] [MY-000000] [Galera] ####### IST current seqno initialized to 570453
2021-02-11T13:33:45.238699Z 0 [Note] [MY-000000] [Galera] Receiving IST...  0.0% (  0/923 events) complete.
2021-02-11T13:33:45.238716Z 0 [Note] [MY-000000] [Galera] ####### Passing IST CC 570453, must_apply: 1, preload: false
2021-02-11T13:33:45.238753Z 0 [Note] [MY-000000] [Galera] First IST (CC) event for rebuilding cert index
2021-02-11T13:33:45.238773Z 0 [Note] [MY-000000] [Galera] REPL Protocols: 10 (5, 3)
2021-02-11T13:33:45.239143Z 0 [Note] [MY-000000] [Galera] Service thread queue flushed.
2021-02-11T13:33:45.239215Z 0 [Note] [MY-000000] [Galera] ####### Assign initial position for certification: a7fdaf4b-6a47-11eb-97e6-52bba6b39a94:570452, protocol version: 5
2021-02-11T13:33:45.239265Z 0 [Note] [MY-000000] [Galera] ####### processing CC 570453, from IST, ordered
2021-02-11T13:33:45.239290Z 0 [Note] [MY-000000] [Galera] Drain monitors from 570452 upto current CC event 570453
2021-02-11T13:33:45.239308Z 0 [Note] [MY-000000] [Galera] REPL Protocols: 10 (5, 3)
2021-02-11T13:33:45.239341Z 0 [Note] [MY-000000] [Galera] ####### ST not required
2021-02-11T13:33:45.239370Z 0 [Note] [MY-000000] [Galera] Skipping cert index reset
2021-02-11T13:33:45.239399Z 0 [Note] [MY-000000] [Galera] ####### Adjusting cert position: 570452 -> 570453
2021-02-11T13:33:45.239596Z 0 [Note] [MY-000000] [Galera] Service thread queue flushed.
2021-02-11T13:33:45.239737Z 0 [Note] [MY-000000] [Galera] ####### Setting monitor position to 570453
2021-02-11T13:33:45.239769Z 0 [Note] [MY-000000] [Galera] 2.0 (cluster1-pxc-0): State transfer to 0.0 (cluster1-pxc-1) complete.
2021-02-11T13:33:45.240060Z 0 [Note] [MY-000000] [Galera] Member 2.0 (cluster1-pxc-0) synced with group.
2021-02-11T13:33:45.283156Z 0 [Note] [MY-000000] [Galera] Recording CC from group: 570453
2021-02-11T13:33:45.283192Z 0 [Note] [MY-000000] [Galera] Lowest cert index boundary for CC from group: 570453
2021-02-11T13:33:45.283202Z 0 [Note] [MY-000000] [Galera] Min available from gcache for CC from group: 486354
2021-02-11T13:33:45.283283Z 1 [Note] [MY-000000] [Galera] ================================================
View:
  id: a7fdaf4b-6a47-11eb-97e6-52bba6b39a94:570453
  status: primary
  protocol_version: 4
  capabilities: MULTI-MASTER, CERTIFICATION, PARALLEL_APPLYING, REPLAY, ISOLATION, PAUSE, CAUSAL_READ, INCREMENTAL_WS, UNORDERED, PREORDERED, STREAMING, NBO
  final: no
  own_index: -1
  members(2):
	0: 2aba880f-6c57-11eb-bc57-0a26d863a204, cluster1-pxc-2
	1: 89c07942-6c57-11eb-a663-63fdd41d143d, cluster1-pxc-0
=================================================
2021-02-11T13:33:45.283310Z 1 [Note] [MY-000000] [WSREP] Server status change joiner -> joined
2021-02-11T13:33:45.283322Z 1 [Note] [MY-000000] [WSREP] wsrep_notify_cmd is not defined, skipping notification.
2021-02-11T13:33:45.283341Z 1 [Note] [MY-000000] [WSREP] wsrep_notify_cmd is not defined, skipping notification.
2021-02-11T13:33:45.300756Z 0 [Note] [MY-000000] [Galera] IST preload starting at 571177
2021-02-11T13:33:45.310640Z 0 [Note] [MY-000000] [Galera] ####### Passing IST CC 571375, must_apply: 1, preload: true
2021-02-11T13:33:45.310756Z 0 [Note] [MY-000000] [Galera] ####### processing CC 571375, from IST, ordered
2021-02-11T13:33:45.310776Z 0 [Note] [MY-000000] [Galera] Drain monitors from 570452 upto current CC event 571375
2021-02-11T13:33:48.628455Z 0 [Note] [MY-000000] [Galera] (13ba234b, 'ssl://0.0.0.0:4567') turning message relay requesting off
2021-02-11T13:33:52.619751Z 0 [Note] [MY-000000] [Galera] REPL Protocols: 10 (5, 3)
2021-02-11T13:33:52.619795Z 0 [Note] [MY-000000] [Galera] ####### ST not required
2021-02-11T13:33:52.619810Z 0 [Note] [MY-000000] [Galera] Skipping cert index reset
2021-02-11T13:33:52.619823Z 0 [Note] [MY-000000] [Galera] ####### Adjusting cert position: 571374 -> 571375
2021-02-11T13:33:52.619856Z 0 [Note] [MY-000000] [Galera] Service thread queue flushed.
2021-02-11T13:33:52.619942Z 0 [Note] [MY-000000] [Galera] ####### Setting monitor position to 571375
2021-02-11T13:33:52.634108Z 0 [Note] [MY-000000] [Galera] Recording CC from group: 571375
2021-02-11T13:33:52.634196Z 0 [Note] [MY-000000] [Galera] Lowest cert index boundary for CC from group: 571177
2021-02-11T13:33:52.634212Z 0 [Note] [MY-000000] [Galera] Min available from gcache for CC from group: 488238
2021-02-11T13:33:52.634309Z 1 [Note] [MY-000000] [Galera] ================================================
View:
  id: a7fdaf4b-6a47-11eb-97e6-52bba6b39a94:571375
  status: primary
  protocol_version: 4
  capabilities: MULTI-MASTER, CERTIFICATION, PARALLEL_APPLYING, REPLAY, ISOLATION, PAUSE, CAUSAL_READ, INCREMENTAL_WS, UNORDERED, PREORDERED, STREAMING, NBO
  final: no
  own_index: 0
  members(3):
	0: 13ba234b-6c6d-11eb-8942-3ecf5f68222d, cluster1-pxc-1
	1: 2aba880f-6c57-11eb-bc57-0a26d863a204, cluster1-pxc-2
	2: 89c07942-6c57-11eb-a663-63fdd41d143d, cluster1-pxc-0
=================================================
2021-02-11T13:33:52.634321Z 0 [Note] [MY-000000] [Galera] Receiving IST...100.0% (923/923 events) complete.
2021-02-11T13:33:52.634365Z 1 [Note] [MY-000000] [WSREP] wsrep_notify_cmd is not defined, skipping notification.
2021-02-11T13:33:52.643650Z 1 [Note] [MY-000000] [Galera] IST received: a7fdaf4b-6a47-11eb-97e6-52bba6b39a94:571375
2021-02-11T13:33:52.643682Z 1 [Note] [MY-000000] [Galera] Recording CC from group: 571375
2021-02-11T13:33:52.643691Z 1 [Note] [MY-000000] [Galera] Lowest cert index boundary for CC from group: 571177
2021-02-11T13:33:52.643697Z 1 [Note] [MY-000000] [Galera] Min available from gcache for CC from group: 488252
2021-02-11T13:33:52.645056Z 0 [Note] [MY-000000] [Galera] 0.0 (cluster1-pxc-1): State transfer from 2.0 (cluster1-pxc-0) complete.
2021-02-11T13:33:52.645280Z 0 [Note] [MY-000000] [Galera] SST leaving flow control
2021-02-11T13:33:52.645306Z 0 [Note] [MY-000000] [Galera] Shifting JOINER -> JOINED (TO: 572365)
2021-02-11T13:33:54.923702Z 0 [ERROR] [MY-000000] [Galera] handshake with remote endpoint ssl://10.244.2.8:46600 failed: asio.ssl:336027804: 'http request' ( 336027804: 'error:1407609C:SSL routines:SSL23_GET_CLIENT_HELLO:http request')
This error is often caused by SSL issues. For more information, please see:
  https://per.co.na/pxc/encrypt_cluster_traffic
--------
2021-02-11T13:33:55.759985Z 0 [ERROR] [MY-000000] [Galera] handshake with remote endpoint ssl://10.244.2.8:46620 failed: asio.ssl:336027804: 'http request' ( 336027804: 'error:1407609C:SSL routines:SSL23_GET_CLIENT_HELLO:http request')
This error is often caused by SSL issues. For more information, please see:
  https://per.co.na/pxc/encrypt_cluster_traffic
--------
2021-02-11T13:34:09.925170Z 0 [ERROR] [MY-000000] [Galera] handshake with remote endpoint ssl://10.244.2.8:46974 failed: asio.ssl:336027804: 'http request' ( 336027804: 'error:1407609C:SSL routines:SSL23_GET_CLIENT_HELLO:http request')
This error is often caused by SSL issues. For more information, please see:
  https://per.co.na/pxc/encrypt_cluster_traffic
--------
2021-02-11T13:34:10.758589Z 0 [ERROR] [MY-000000] [Galera] handshake with remote endpoint ssl://10.244.2.8:46992 failed: asio.ssl:336027804: 'http request' ( 336027804: 'error:1407609C:SSL routines:SSL23_GET_CLIENT_HELLO:http request')
This error is often caused by SSL issues. For more information, please see:
  https://per.co.na/pxc/encrypt_cluster_traffic
--------
2021-02-11T13:34:14.211563Z 0 [Note] [MY-000000] [WSREP] Received shutdown signal. Will sleep for 10 secs before initiating shutdown. pxc_maint_mode switched to SHUTDOWN
2021-02-11T13:34:24.637282Z 0 [Note] [MY-000000] [WSREP] Shutdown replication
2021-02-11T13:34:24.637341Z 0 [Note] [MY-000000] [WSREP] Server status change joined -> disconnecting
2021-02-11T13:34:24.637362Z 0 [Note] [MY-000000] [WSREP] wsrep_notify_cmd is not defined, skipping notification.
2021-02-11T13:34:24.637393Z 0 [Note] [MY-000000] [Galera] Closing send monitor...
2021-02-11T13:34:24.637418Z 0 [Note] [MY-000000] [Galera] Closed send monitor.
2021-02-11T13:34:24.637451Z 0 [Note] [MY-000000] [Galera] gcomm: terminating thread
2021-02-11T13:34:24.637507Z 0 [Note] [MY-000000] [Galera] gcomm: joining thread
2021-02-11T13:34:24.637706Z 0 [Note] [MY-000000] [Galera] gcomm: closing backend
2021-02-11T13:34:24.639414Z 0 [Note] [MY-000000] [Galera] Current view of cluster as seen by this node
view (view_id(NON_PRIM,13ba234b,49)
memb {
	13ba234b,0
	}
joined {
	}
left {
	}
partitioned {
	2aba880f,0
	89c07942,0
	}
)
2021-02-11T13:34:24.639525Z 0 [Note] [MY-000000] [Galera] PC protocol downgrade 1 -> 0
2021-02-11T13:34:24.639548Z 0 [Note] [MY-000000] [Galera] Current view of cluster as seen by this node
view ((empty))
2021-02-11T13:34:24.640595Z 0 [Note] [MY-000000] [Galera] gcomm: closed
2021-02-11T13:34:24.640757Z 0 [Note] [MY-000000] [Galera] New COMPONENT: primary = no, bootstrap = no, my_idx = 0, memb_num = 1
2021-02-11T13:34:24.640847Z 0 [Note] [MY-000000] [Galera] Flow-control interval: [100, 100]
2021-02-11T13:34:24.640869Z 0 [Note] [MY-000000] [Galera] Received NON-PRIMARY.
2021-02-11T13:34:24.640881Z 0 [Note] [MY-000000] [Galera] Shifting JOINED -> OPEN (TO: 576058)
2021-02-11T13:34:24.640903Z 0 [Note] [MY-000000] [Galera] New SELF-LEAVE.
2021-02-11T13:34:24.640944Z 0 [Note] [MY-000000] [Galera] Flow-control interval: [0, 0]
2021-02-11T13:34:24.640975Z 0 [Note] [MY-000000] [Galera] Received SELF-LEAVE. Closing connection.
2021-02-11T13:34:24.640986Z 0 [Note] [MY-000000] [Galera] Shifting OPEN -> CLOSED (TO: -1)
2021-02-11T13:34:24.641001Z 0 [Note] [MY-000000] [Galera] RECV thread exiting 0: Success
2021-02-11T13:34:24.641131Z 0 [Note] [MY-000000] [Galera] recv_thread() joined.
2021-02-11T13:34:24.641190Z 0 [Note] [MY-000000] [Galera] Closing replication queue.
2021-02-11T13:34:24.641235Z 0 [Note] [MY-000000] [Galera] Closing slave action queue.
2021-02-11T13:34:25.442730Z 0 [Warning] [MY-000000] [Galera] Failed to report last committed a7fdaf4b-6a47-11eb-97e6-52bba6b39a94:575454, -77 (File descriptor in bad state)
2021-02-11T13:34:26.583308Z 0 [Warning] [MY-000000] [Galera] Failed to report last committed a7fdaf4b-6a47-11eb-97e6-52bba6b39a94:575589, -77 (File descriptor in bad state)
2021-02-11T13:34:27.724173Z 0 [Warning] [MY-000000] [Galera] Failed to report last committed a7fdaf4b-6a47-11eb-97e6-52bba6b39a94:575712, -77 (File descriptor in bad state)
2021-02-11T13:34:28.921845Z 0 [Warning] [MY-000000] [Galera] Failed to report last committed a7fdaf4b-6a47-11eb-97e6-52bba6b39a94:575853, -77 (File descriptor in bad state)
2021-02-11T13:34:30.077597Z 0 [Warning] [MY-000000] [Galera] Failed to report last committed a7fdaf4b-6a47-11eb-97e6-52bba6b39a94:575978, -77 (File descriptor in bad state)
2021-02-11T13:34:30.686655Z 10 [Note] [MY-000000] [Galera] ####### processing CC -1, local, ordered
2021-02-11T13:34:30.686743Z 10 [Note] [MY-000000] [Galera] Drain monitors from 576058 upto 576058
2021-02-11T13:34:30.691417Z 10 [Note] [MY-000000] [Galera] ####### My UUID: 13ba234b-6c6d-11eb-8942-3ecf5f68222d
2021-02-11T13:34:30.691466Z 10 [Note] [MY-000000] [Galera] ####### ST not required
2021-02-11T13:34:30.691500Z 10 [Note] [MY-000000] [Galera] ================================================
View:
  id: a7fdaf4b-6a47-11eb-97e6-52bba6b39a94:-1
  status: non-primary
  protocol_version: 4
  capabilities: MULTI-MASTER, CERTIFICATION, PARALLEL_APPLYING, REPLAY, ISOLATION, PAUSE, CAUSAL_READ, INCREMENTAL_WS, UNORDERED, PREORDERED, STREAMING, NBO
  final: no
  own_index: 0
  members(1):
	0: 13ba234b-6c6d-11eb-8942-3ecf5f68222d, cluster1-pxc-1
=================================================
2021-02-11T13:34:30.691522Z 10 [Note] [MY-000000] [Galera] Non-primary view
2021-02-11T13:34:30.691539Z 10 [Note] [MY-000000] [WSREP] wsrep_notify_cmd is not defined, skipping notification.
2021-02-11T13:34:30.691575Z 10 [Note] [MY-000000] [Galera] ####### processing CC -1, local, ordered
2021-02-11T13:34:30.691654Z 10 [Note] [MY-000000] [Galera] Drain monitors from 576058 upto 576058
2021-02-11T13:34:30.691735Z 10 [Note] [MY-000000] [Galera] ####### My UUID: 13ba234b-6c6d-11eb-8942-3ecf5f68222d
2021-02-11T13:34:30.691765Z 10 [Note] [MY-000000] [Galera] ####### ST not required
2021-02-11T13:34:30.691790Z 10 [Note] [MY-000000] [Galera] ================================================
View:
  id: a7fdaf4b-6a47-11eb-97e6-52bba6b39a94:-1
  status: non-primary
  protocol_version: 4
  capabilities: MULTI-MASTER, CERTIFICATION, PARALLEL_APPLYING, REPLAY, ISOLATION, PAUSE, CAUSAL_READ, INCREMENTAL_WS, UNORDERED, PREORDERED, STREAMING, NBO
  final: yes
  own_index: -1
  members(0):
=================================================
2021-02-11T13:34:30.691812Z 10 [Note] [MY-000000] [Galera] Non-primary view
2021-02-11T13:34:30.691827Z 10 [Note] [MY-000000] [WSREP] Server status change disconnecting -> disconnected
2021-02-11T13:34:30.691845Z 10 [Note] [MY-000000] [WSREP] wsrep_notify_cmd is not defined, skipping notification.
2021-02-11T13:34:30.691863Z 10 [Note] [MY-000000] [WSREP] wsrep_notify_cmd is not defined, skipping notification.
2021-02-11T13:34:30.698735Z 10 [Note] [MY-000000] [WSREP] Applier thread exiting ret: 0 thd: 10
2021-02-11T13:34:30.698738Z 0 [Note] [MY-000000] [WSREP] Waiting for active wsrep applier to exit
2021-02-11T13:34:30.699178Z 0 [Note] [MY-000000] [WSREP] All applier thread terminated. Will now terminate rollback thread
2021-02-11T13:34:30.699238Z 0 [Note] [MY-000000] [WSREP] Waiting for rollback thread to terminate
2021-02-11T13:34:30.699269Z 2 [Note] [MY-000000] [WSREP] rollbacker thread exiting 2
2021-02-11T13:34:30.701475Z 1 [Note] [MY-000000] [WSREP] Applier thread exiting ret: 6 thd: 1
2021-02-11T13:34:31.699492Z 0 [Note] [MY-000000] [WSREP] Rollback thread terminated
2021-02-11T13:34:33.700615Z 0 [Warning] [MY-010909] [Server] /usr/sbin/mysqld: Forcing close of thread 17  user: 'monitor'.
2021-02-11T13:34:33.703789Z 0 [Note] [MY-000000] [Galera] dtor state: CLOSED
2021-02-11T13:34:33.703925Z 0 [Note] [MY-000000] [Galera] MemPool(TrxHandleSlave): hit ratio: 0.785291, misses: 7059, in use: 266, in pool: 1876
2021-02-11T13:34:33.708444Z 0 [Note] [MY-000000] [Galera] mon: entered 32578 oooe fraction 0 oool fraction 0
2021-02-11T13:34:33.712688Z 0 [Note] [MY-000000] [Galera] mon: entered 32578 oooe fraction 0.931518 oool fraction 0.00150408
2021-02-11T13:34:33.716878Z 0 [Note] [MY-000000] [Galera] mon: entered 24778 oooe fraction 0 oool fraction 0.000121075
2021-02-11T13:34:33.716920Z 0 [Note] [MY-000000] [Galera] cert index usage at exit 737
2021-02-11T13:34:33.716935Z 0 [Note] [MY-000000] [Galera] cert trx map usage at exit 266
2021-02-11T13:34:33.716948Z 0 [Note] [MY-000000] [Galera] deps set usage at exit 0
2021-02-11T13:34:33.716965Z 0 [Note] [MY-000000] [Galera] avg deps dist 8.36785
2021-02-11T13:34:33.716980Z 0 [Note] [MY-000000] [Galera] avg cert interval 16614.8
2021-02-11T13:34:33.716993Z 0 [Note] [MY-000000] [Galera] cert index size 737
2021-02-11T13:34:33.718031Z 0 [Note] [MY-000000] [Galera] Service thread queue flushed.
2021-02-11T13:34:33.719160Z 0 [Note] [MY-000000] [Galera] wsdb trx map usage 0 conn query map usage 0
2021-02-11T13:34:33.719266Z 0 [Note] [MY-000000] [Galera] MemPool(LocalTrxHandle): hit ratio: 0, misses: 0, in use: 0, in pool: 0
2021-02-11T13:34:33.720888Z 0 [Note] [MY-000000] [Galera] Shifting CLOSED -> DESTROYED (TO: -1)
2021-02-11T13:34:33.723765Z 0 [Note] [MY-000000] [Galera] Flushing memory map to disk...

