W0103 09:17:30.433270       1 client_config.go:541] Neither --kubeconfig nor --master was specified.  Using the inClusterConfig.  This might not work.
time='2022-01-03T09:17:30Z' level=info msg='Experiment Name: pod-network-latency'
time='2022-01-03T09:17:30Z' level=info msg='[PreReq]: Getting the ENV for the pod-network-latency experiment'
time='2022-01-03T09:17:32Z' level=info msg='[PreReq]: Updating the chaos result of pod-network-latency experiment (SOT)'
time='2022-01-03T09:17:34Z' level=info msg='The application information is as follows\n' Label='app=redis' Latency=4000 Chaos Duration=60 Container Runtime=docker Namespace=redis
time='2022-01-03T09:17:34Z' level=info msg='[Status]: Verify that the AUT (Application Under Test) is running (pre-chaos)'
time='2022-01-03T09:17:34Z' level=info msg='[Status]: Checking whether application containers are in ready state'
time='2022-01-03T09:17:34Z' level=info msg='[Status]: The Container status are as follows' Readiness=true container=redis Pod=redis-0
time='2022-01-03T09:17:34Z' level=info msg='[Status]: The Container status are as follows' container=redis-exporter Pod=redis-0 Readiness=true
time='2022-01-03T09:17:34Z' level=info msg='[Status]: The Container status are as follows' container=redis Pod=redis-1 Readiness=true
time='2022-01-03T09:17:34Z' level=info msg='[Status]: The Container status are as follows' Readiness=true container=redis-exporter Pod=redis-1
time='2022-01-03T09:17:36Z' level=info msg='[Status]: Checking whether application pods are in running state'
time='2022-01-03T09:17:36Z' level=info msg='[Status]: The status of Pods are as follows' Pod=redis-0 Status=Running
time='2022-01-03T09:17:36Z' level=info msg='[Status]: The status of Pods are as follows' Pod=redis-1 Status=Running
time='2022-01-03T09:17:40Z' level=info msg='[Probe]: The k8s probe information is as follows' Name=check-redis-db-cr-status Inputs='{ v1 pods redis status.phase=Running app=redis present}' Run Properties='{1 1 1 1 0 false}' Mode=Continuous Phase=PreChaos
time='2022-01-03T09:17:40Z' level=info msg='[Probe]: The cmd probe information is as follows' Name=check Command='python3 -u redis-cmd.py' Comparator='{string equal 0}' Source='{kaleoum/kgh-load:j6 false}' Run Properties='{8 4 2 4 0 false}' Mode=Continuous Phase=PreChaos
time='2022-01-03T09:17:40Z' level=info msg='[Status]: Checking the status of the probe pod'
time='2022-01-03T09:17:40Z' level=info msg='[Status]: Checking whether application containers are in ready state'
time='2022-01-03T09:17:42Z' level=info msg='[Status]: Checking whether application pods are in running state'
time='2022-01-03T09:17:46Z' level=info msg='[Status]: The status of Pods are as follows' Status=Running Pod=pod-network-latency-probe-zbtpzl
time='2022-01-03T09:17:48Z' level=info msg='[Chaos]:Number of pods targeted: 1'
time='2022-01-03T09:17:48Z' level=info msg='Target pods list for chaos, [redis-1]'
time='2022-01-03T09:17:48Z' level=info msg='[Ramp]: Waiting for the 5s ramp time before injecting chaos'
time='2022-01-03T09:17:49Z' level=info msg='[Probe]: {Actual value: 0}, {Expected value: 0}, {Operator: equal}'
time='2022-01-03T09:17:56Z' level=info msg='[Info]: Details of application under chaos injection' NodeName=minikube ContainerName=redis PodName=redis-1
time='2022-01-03T09:17:56Z' level=info msg='[Status]: Checking the status of the helper pods'
time='2022-01-03T09:18:04Z' level=info msg='pod-network-latency-helper-wzbqgs helper pod is in Running state'
time='2022-01-03T09:18:06Z' level=info msg='[Wait]: waiting till the completion of the helper pod'
time='2022-01-03T09:18:06Z' level=info msg='helper pod status: Running'
time='2022-01-03T09:18:07Z' level=info msg='helper pod status: Running'
time='2022-01-03T09:18:07Z' level=error msg='The check cmd probe has been Failed, err: {actual value: [Error]: Unable to configure database err: Could not Connect to redis.redis.svc:6379: timed out\n0} is not equal to {expected value: 0}'
time='2022-01-03T09:18:08Z' level=info msg='helper pod status: Running'
time='2022-01-03T09:18:09Z' level=info msg='helper pod status: Running'
time='2022-01-03T09:18:10Z' level=info msg='helper pod status: Running'
time='2022-01-03T09:18:11Z' level=info msg='helper pod status: Running'
time='2022-01-03T09:18:12Z' level=info msg='helper pod status: Running'
time='2022-01-03T09:18:13Z' level=info msg='helper pod status: Running'
time='2022-01-03T09:18:14Z' level=info msg='helper pod status: Running'
time='2022-01-03T09:18:15Z' level=info msg='helper pod status: Running'
time='2022-01-03T09:18:16Z' level=info msg='helper pod status: Running'
time='2022-01-03T09:18:17Z' level=info msg='helper pod status: Running'
time='2022-01-03T09:18:18Z' level=info msg='helper pod status: Running'
time='2022-01-03T09:18:19Z' level=info msg='helper pod status: Running'
time='2022-01-03T09:18:20Z' level=info msg='helper pod status: Running'
time='2022-01-03T09:18:21Z' level=info msg='helper pod status: Running'
time='2022-01-03T09:18:22Z' level=info msg='helper pod status: Running'
time='2022-01-03T09:18:23Z' level=info msg='helper pod status: Running'
time='2022-01-03T09:18:24Z' level=info msg='helper pod status: Running'
time='2022-01-03T09:18:25Z' level=info msg='helper pod status: Running'
time='2022-01-03T09:18:26Z' level=info msg='helper pod status: Running'
time='2022-01-03T09:18:27Z' level=info msg='helper pod status: Running'
time='2022-01-03T09:18:28Z' level=info msg='helper pod status: Running'
time='2022-01-03T09:18:29Z' level=info msg='helper pod status: Running'
time='2022-01-03T09:18:30Z' level=info msg='helper pod status: Running'
time='2022-01-03T09:18:31Z' level=info msg='helper pod status: Running'
time='2022-01-03T09:18:32Z' level=info msg='helper pod status: Running'
time='2022-01-03T09:18:33Z' level=info msg='helper pod status: Running'
time='2022-01-03T09:18:34Z' level=info msg='helper pod status: Running'
time='2022-01-03T09:18:35Z' level=info msg='helper pod status: Running'
time='2022-01-03T09:18:36Z' level=info msg='helper pod status: Running'
time='2022-01-03T09:18:37Z' level=info msg='helper pod status: Running'
time='2022-01-03T09:18:38Z' level=info msg='helper pod status: Running'
time='2022-01-03T09:18:39Z' level=info msg='helper pod status: Running'
time='2022-01-03T09:18:40Z' level=info msg='helper pod status: Running'
time='2022-01-03T09:18:41Z' level=info msg='helper pod status: Running'
time='2022-01-03T09:18:42Z' level=info msg='helper pod status: Running'
time='2022-01-03T09:18:43Z' level=info msg='helper pod status: Running'
time='2022-01-03T09:18:44Z' level=info msg='helper pod status: Running'
time='2022-01-03T09:18:45Z' level=info msg='helper pod status: Running'
time='2022-01-03T09:18:46Z' level=info msg='helper pod status: Running'
time='2022-01-03T09:18:47Z' level=info msg='helper pod status: Running'
time='2022-01-03T09:18:48Z' level=info msg='helper pod status: Running'
time='2022-01-03T09:18:49Z' level=info msg='helper pod status: Running'
time='2022-01-03T09:18:51Z' level=info msg='helper pod status: Running'
time='2022-01-03T09:18:52Z' level=info msg='helper pod status: Running'
time='2022-01-03T09:18:53Z' level=info msg='helper pod status: Running'
time='2022-01-03T09:18:54Z' level=info msg='helper pod status: Running'
time='2022-01-03T09:18:55Z' level=info msg='helper pod status: Running'
time='2022-01-03T09:18:56Z' level=info msg='helper pod status: Running'
time='2022-01-03T09:18:57Z' level=info msg='helper pod status: Running'
time='2022-01-03T09:18:58Z' level=info msg='helper pod status: Running'
time='2022-01-03T09:18:59Z' level=info msg='helper pod status: Running'
time='2022-01-03T09:19:00Z' level=info msg='helper pod status: Running'
time='2022-01-03T09:19:01Z' level=info msg='helper pod status: Running'
time='2022-01-03T09:19:02Z' level=info msg='helper pod status: Running'
time='2022-01-03T09:19:03Z' level=info msg='helper pod status: Running'
time='2022-01-03T09:19:04Z' level=info msg='helper pod status: Running'
time='2022-01-03T09:19:05Z' level=info msg='helper pod status: Succeeded'
time='2022-01-03T09:19:05Z' level=info msg='[Status]: The running status of Pods are as follows' Pod=pod-network-latency-helper-wzbqgs Status=Succeeded
time='2022-01-03T09:19:06Z' level=info msg='[Cleanup]: Deleting all the helper pod'
time='2022-01-03T09:19:08Z' level=info msg='[Confirmation]: pod-network-latency chaos has been injected successfully'
time='2022-01-03T09:19:08Z' level=info msg='[Status]: Verify that the AUT (Application Under Test) is running (post-chaos)'
time='2022-01-03T09:19:08Z' level=info msg='[Status]: Checking whether application containers are in ready state'
time='2022-01-03T09:19:08Z' level=info msg='[Status]: The Container status are as follows' container=redis Pod=redis-0 Readiness=true
time='2022-01-03T09:19:08Z' level=info msg='[Status]: The Container status are as follows' container=redis Pod=redis-1 Readiness=true
time='2022-01-03T09:19:10Z' level=info msg='[Status]: Checking whether application pods are in running state'
time='2022-01-03T09:19:10Z' level=info msg='[Status]: The status of Pods are as follows' Status=Running Pod=redis-0
time='2022-01-03T09:19:10Z' level=info msg='[Status]: The status of Pods are as follows' Status=Running Pod=redis-1
time='2022-01-03T09:19:14Z' level=info msg='[Probe]: check-redis-db-cr-status probe has been Passed 😄 ' ProbeStatus=Passed ProbeName=check-redis-db-cr-status ProbeType=k8sProbe ProbeInstance=PostChaos
time='2022-01-03T09:19:14Z' level=info msg='[Probe]: check probe has been Passed 😄 ' ProbeName=check ProbeType=cmdProbe ProbeInstance=PostChaos ProbeStatus=Passed
time='2022-01-03T09:19:16Z' level=info msg='[Probe]: check-redis-db-cr-status probe has been Passed 😄 ' ProbeStatus=Passed ProbeName=check-redis-db-cr-status ProbeType=k8sProbe ProbeInstance=PostChaos
time='2022-01-03T09:19:16Z' level=info msg='[Probe]: check probe has been Passed 😄 ' ProbeType=cmdProbe ProbeInstance=PostChaos ProbeStatus=Passed ProbeName=check
time='2022-01-03T09:19:18Z' level=info msg='[The End]: Updating the chaos result of pod-network-latency experiment (EOT)'
W0103 09:17:24.245758       1 client_config.go:541] Neither --kubeconfig nor --master was specified.  Using the inClusterConfig.  This might not work.
time='2022-01-03T09:17:24Z' level=info msg='Experiments details are as follows' appNs=redis appKind=deployment Service Account Name=litmus-admin Engine Namespace=litmus Experiments List='[pod-network-latency]' Engine Name=pod-network-latencypdhvz appLabels='app=redis'
time='2022-01-03T09:17:24Z' level=info msg='Getting the ENV Variables'
time='2022-01-03T09:17:24Z' level=info msg='Preparing to run Chaos Experiment: pod-network-latency'
time='2022-01-03T09:17:24Z' level=info msg='Started Chaos Experiment Name: pod-network-latency, with Job Name: pod-network-latency-0y1s2h'
time='2022-01-03T09:19:34Z' level=info msg='Chaos Pod Completed, Experiment Name: pod-network-latency, with Job Name: pod-network-latency-0y1s2h'
time='2022-01-03T09:19:36Z' level=info msg='Chaos Engine has been updated with result, Experiment Name: pod-network-latency'
time='2022-01-03T09:19:36Z' level=info msg='[skip]: skipping the job deletion as jobCleanUpPolicy is set to {retain}'