W0103 09:21:08.796431       1 client_config.go:541] Neither --kubeconfig nor --master was specified.  Using the inClusterConfig.  This might not work.
time='2022-01-03T09:21:08Z' level=info msg='Experiment Name: pod-cpu-hog'
time='2022-01-03T09:21:08Z' level=info msg='[PreReq]: Getting the ENV for the pod-cpu-hog experiment'
time='2022-01-03T09:21:10Z' level=info msg='[PreReq]: Updating the chaos result of pod-cpu-hog experiment (SOT)'
time='2022-01-03T09:21:13Z' level=info msg='The application information is as follows' Label='app=redis' Chaos Duration=60 CPU Cores=1 Container Runtime=docker Namespace=redis
time='2022-01-03T09:21:13Z' level=info msg='[Status]: Verify that the AUT (Application Under Test) is running (pre-chaos)'
time='2022-01-03T09:21:13Z' level=info msg='[Status]: Checking whether application containers are in ready state'
time='2022-01-03T09:21:13Z' level=info msg='[Status]: The Container status are as follows' container=redis Pod=redis-0 Readiness=true
time='2022-01-03T09:21:13Z' level=info msg='[Status]: The Container status are as follows' container=redis-exporter Pod=redis-0 Readiness=true
time='2022-01-03T09:21:13Z' level=info msg='[Status]: The Container status are as follows' container=redis Pod=redis-1 Readiness=true
time='2022-01-03T09:21:13Z' level=info msg='[Status]: The Container status are as follows' Pod=redis-1 Readiness=true container=redis-exporter
time='2022-01-03T09:21:15Z' level=info msg='[Status]: Checking whether application pods are in running state'
time='2022-01-03T09:21:15Z' level=info msg='[Status]: The status of Pods are as follows' Status=Running Pod=redis-0
time='2022-01-03T09:21:15Z' level=info msg='[Status]: The status of Pods are as follows' Pod=redis-1 Status=Running
time='2022-01-03T09:21:19Z' level=info msg='[Probe]: The prometheus probe information is as follows' Endpoint='http://prometheus-k8s.monitoring.svc.cluster.local:9090' Comparator='{ >= 1200}' Run Properties='{2 1 2 0 0 false}' Mode=Continuous Phase=PreChaos Name=check-probe-success Query='sum(rate(redis_commands_total{}[40s]))'
time='2022-01-03T09:21:19Z' level=info msg='[Probe]: The cmd probe information is as follows' Source='{kaleoum/kgh-load:j6 false}' Run Properties='{1 1 1 1 0 false}' Mode=Continuous Phase=PreChaos Name=check Command='python3 -u redis-cmd.py' Comparator='{string equal 0}'
time='2022-01-03T09:21:19Z' level=info msg='[Status]: Checking the status of the probe pod'
time='2022-01-03T09:21:19Z' level=info msg='[Status]: Checking whether application containers are in ready state'
time='2022-01-03T09:21:20Z' level=info msg='[Probe]: {Actual value: 1415.8285714285716}, {Expected value: 1200}, {Operator: >=}'
time='2022-01-03T09:21:22Z' level=info msg='[Status]: Checking whether application pods are in running state'
time='2022-01-03T09:21:30Z' level=info msg='[Status]: The status of Pods are as follows' Pod=pod-cpu-hog-probe-aftpam Status=Running
time='2022-01-03T09:21:32Z' level=info msg='[Chaos]:Number of pods targeted: 1'
time='2022-01-03T09:21:32Z' level=info msg='[Info]: Target pods list for chaos, [redis-0]'
time='2022-01-03T09:21:32Z' level=info msg='[Probe]: {Actual value: 0}, {Expected value: 0}, {Operator: equal}'
time='2022-01-03T09:21:34Z' level=info msg='[Info]: Details of application under chaos injection' PodName=redis-0 NodeName=minikube ContainerName=redis
time='2022-01-03T09:21:34Z' level=info msg='[Status]: Checking the status of the helper pods'
time='2022-01-03T09:21:40Z' level=info msg='pod-cpu-hog-helper-jrnpxr helper pod is in Running state'
time='2022-01-03T09:21:42Z' level=info msg='[Wait]: waiting till the completion of the helper pod'
time='2022-01-03T09:21:42Z' level=info msg='helper pod status: Running'
time='2022-01-03T09:21:43Z' level=info msg='helper pod status: Running'
time='2022-01-03T09:21:44Z' level=info msg='helper pod status: Running'
time='2022-01-03T09:21:45Z' level=info msg='helper pod status: Running'
time='2022-01-03T09:21:46Z' level=info msg='helper pod status: Running'
time='2022-01-03T09:21:47Z' level=info msg='helper pod status: Running'
time='2022-01-03T09:21:48Z' level=info msg='helper pod status: Running'
time='2022-01-03T09:21:49Z' level=info msg='helper pod status: Running'
time='2022-01-03T09:21:50Z' level=info msg='helper pod status: Running'
time='2022-01-03T09:21:51Z' level=info msg='helper pod status: Running'
time='2022-01-03T09:21:52Z' level=info msg='helper pod status: Running'
time='2022-01-03T09:21:53Z' level=info msg='helper pod status: Running'
time='2022-01-03T09:21:54Z' level=info msg='helper pod status: Running'
time='2022-01-03T09:21:55Z' level=info msg='helper pod status: Running'
time='2022-01-03T09:21:56Z' level=info msg='helper pod status: Running'
time='2022-01-03T09:21:57Z' level=info msg='helper pod status: Running'
time='2022-01-03T09:21:58Z' level=info msg='helper pod status: Running'
time='2022-01-03T09:21:59Z' level=info msg='helper pod status: Running'
time='2022-01-03T09:22:00Z' level=info msg='helper pod status: Running'
time='2022-01-03T09:22:01Z' level=info msg='helper pod status: Running'
time='2022-01-03T09:22:02Z' level=info msg='helper pod status: Running'
time='2022-01-03T09:22:03Z' level=info msg='helper pod status: Running'
time='2022-01-03T09:22:04Z' level=info msg='helper pod status: Running'
time='2022-01-03T09:22:05Z' level=info msg='helper pod status: Running'
time='2022-01-03T09:22:06Z' level=info msg='helper pod status: Running'
time='2022-01-03T09:22:07Z' level=info msg='helper pod status: Running'
time='2022-01-03T09:22:08Z' level=info msg='helper pod status: Running'
time='2022-01-03T09:22:09Z' level=info msg='helper pod status: Running'
time='2022-01-03T09:22:10Z' level=info msg='helper pod status: Running'
time='2022-01-03T09:22:11Z' level=info msg='helper pod status: Running'
time='2022-01-03T09:22:12Z' level=info msg='helper pod status: Running'
time='2022-01-03T09:22:13Z' level=info msg='helper pod status: Running'
time='2022-01-03T09:22:14Z' level=info msg='helper pod status: Running'
time='2022-01-03T09:22:15Z' level=info msg='helper pod status: Running'
time='2022-01-03T09:22:16Z' level=info msg='helper pod status: Running'
time='2022-01-03T09:22:17Z' level=info msg='helper pod status: Running'
time='2022-01-03T09:22:18Z' level=info msg='helper pod status: Running'
time='2022-01-03T09:22:19Z' level=info msg='helper pod status: Running'
time='2022-01-03T09:22:20Z' level=info msg='helper pod status: Running'
time='2022-01-03T09:22:21Z' level=info msg='helper pod status: Running'
time='2022-01-03T09:22:22Z' level=info msg='helper pod status: Running'
time='2022-01-03T09:22:23Z' level=info msg='helper pod status: Running'
time='2022-01-03T09:22:24Z' level=info msg='helper pod status: Running'
time='2022-01-03T09:22:25Z' level=info msg='helper pod status: Running'
time='2022-01-03T09:22:26Z' level=info msg='helper pod status: Running'
time='2022-01-03T09:22:27Z' level=info msg='helper pod status: Running'
time='2022-01-03T09:22:28Z' level=info msg='helper pod status: Running'
time='2022-01-03T09:22:29Z' level=info msg='helper pod status: Running'
time='2022-01-03T09:22:30Z' level=info msg='helper pod status: Running'
time='2022-01-03T09:22:31Z' level=info msg='helper pod status: Running'
time='2022-01-03T09:22:32Z' level=info msg='helper pod status: Running'
time='2022-01-03T09:22:33Z' level=info msg='helper pod status: Running'
time='2022-01-03T09:22:34Z' level=info msg='helper pod status: Running'
time='2022-01-03T09:22:35Z' level=info msg='helper pod status: Running'
time='2022-01-03T09:22:36Z' level=info msg='helper pod status: Running'
time='2022-01-03T09:22:37Z' level=info msg='helper pod status: Running'
time='2022-01-03T09:22:38Z' level=info msg='helper pod status: Running'
time='2022-01-03T09:22:39Z' level=info msg='helper pod status: Running'
time='2022-01-03T09:22:40Z' level=info msg='helper pod status: Running'
time='2022-01-03T09:22:41Z' level=info msg='helper pod status: Succeeded'
time='2022-01-03T09:22:41Z' level=info msg='[Status]: The running status of Pods are as follows' Status=Succeeded Pod=pod-cpu-hog-helper-jrnpxr
time='2022-01-03T09:22:42Z' level=info msg='[Cleanup]: Deleting all the helper pod'
time='2022-01-03T09:22:44Z' level=info msg='[Confirmation]: pod-cpu-hog chaos has been injected successfully'
time='2022-01-03T09:22:44Z' level=info msg='[Status]: Verify that the AUT (Application Under Test) is running (post-chaos)'
time='2022-01-03T09:22:44Z' level=info msg='[Status]: Checking whether application containers are in ready state'
time='2022-01-03T09:22:45Z' level=info msg='[Status]: The Container status are as follows' Readiness=true container=redis Pod=redis-0
time='2022-01-03T09:22:45Z' level=info msg='[Status]: The Container status are as follows' Readiness=true container=redis Pod=redis-1
time='2022-01-03T09:22:47Z' level=info msg='[Status]: Checking whether application pods are in running state'
time='2022-01-03T09:22:47Z' level=info msg='[Status]: The status of Pods are as follows' Pod=redis-0 Status=Running
time='2022-01-03T09:22:47Z' level=info msg='[Status]: The status of Pods are as follows' Pod=redis-1 Status=Running
time='2022-01-03T09:22:51Z' level=info msg='[Probe]: check-probe-success probe has been Passed 😄 ' ProbeInstance=PostChaos ProbeStatus=Passed ProbeName=check-probe-success ProbeType=promProbe
time='2022-01-03T09:22:51Z' level=info msg='[Probe]: check probe has been Passed 😄 ' ProbeType=cmdProbe ProbeInstance=PostChaos ProbeStatus=Passed ProbeName=check
time='2022-01-03T09:22:53Z' level=info msg='[Probe]: check-probe-success probe has been Passed 😄 ' ProbeInstance=PostChaos ProbeStatus=Passed ProbeName=check-probe-success ProbeType=promProbe
time='2022-01-03T09:22:53Z' level=info msg='[Probe]: check probe has been Passed 😄 ' ProbeStatus=Passed ProbeName=check ProbeType=cmdProbe ProbeInstance=PostChaos
time='2022-01-03T09:22:55Z' level=info msg='[The End]: Updating the chaos result of pod-cpu-hog experiment (EOT)'
W0103 09:20:43.967404       1 client_config.go:541] Neither --kubeconfig nor --master was specified.  Using the inClusterConfig.  This might not work.
time='2022-01-03T09:20:43Z' level=info msg='Experiments details are as follows' Engine Namespace=litmus Experiments List='[pod-cpu-hog]' Engine Name=pod-cpu-hogv2rrr appLabels='app=redis' appNs=redis appKind=deployment Service Account Name=litmus-admin
time='2022-01-03T09:20:44Z' level=info msg='Getting the ENV Variables'
time='2022-01-03T09:20:44Z' level=info msg='Preparing to run Chaos Experiment: pod-cpu-hog'
time='2022-01-03T09:20:44Z' level=info msg='Started Chaos Experiment Name: pod-cpu-hog, with Job Name: pod-cpu-hog-600nqi'
time='2022-01-03T09:23:08Z' level=info msg='Chaos Pod Completed, Experiment Name: pod-cpu-hog, with Job Name: pod-cpu-hog-600nqi'
time='2022-01-03T09:23:10Z' level=info msg='Chaos Engine has been updated with result, Experiment Name: pod-cpu-hog'
time='2022-01-03T09:23:10Z' level=info msg='[skip]: skipping the job deletion as jobCleanUpPolicy is set to {}'